<?xml version="1.0" encoding="UTF-8"?>

<ElementModel name="EDGE_VPC1_S26_05_X.DCF.CO.VACT.COMCAST.NET"
              genus="video unified model"
              species="dcm"
              timestamp="2022-10-25T19:22:49.911+00:00"
              isInitialized="true">
			  
   <device dataType="fXml">
      <time_info dataType="fXml">
         <time dataType="fDateTime">2022-10-25T19:22:31.000+00:00</time>
         <time_zone dataType="fString">Europe/London</time_zone>
      </time_info>
      <mgt_interfaces dataType="fXml">
         <number_of_mgt_interfaces dataType="fInt">1</number_of_mgt_interfaces>
         <mgt_interface_0 dataType="fXml" modelIndex="0">
            <ip_address dataType="fString">172.28.239.197</ip_address>
            <name dataType="fString">10/100 Port</name>
            <netmask dataType="fString">255.255.255.192</netmask>
            <gateway dataType="fString">172.28.239.193</gateway>
            <mac_address dataType="fString">B0:00:B4:1F:56:77</mac_address>
            <state dataType="fString">Enabled</state>
         </mgt_interface_0>
      </mgt_interfaces>
      <slots dataType="fXml">
         <number_of_slots dataType="fInt">9</number_of_slots>
         <slot_0 dataType="fXml" modelIndex="0">
            <slot_index dataType="fInt">1</slot_index>
            <name dataType="fString">Main MkII 0</name>
            <present dataType="fBoolean">true</present>
         </slot_0>
         <slot_1 dataType="fXml" modelIndex="1">
            <slot_index dataType="fInt">2</slot_index>
            <name dataType="fString">I/O 1 M_SPTS In/MPTS Out/In_SwOut</name>
            <present dataType="fBoolean">true</present>
         </slot_1>
         <slot_2 dataType="fXml" modelIndex="2">
            <slot_index dataType="fInt">3</slot_index>
            <name dataType="fString">I/O 2  P_SPTS In/MPTS Out/In_SwOut</name>
            <present dataType="fBoolean">true</present>
         </slot_2>
	 </slots>
      <cards dataType="fXml">
         <number_of_cards dataType="fInt">4</number_of_cards>
         <card_0 dataType="fXml" modelIndex="0">
            <slot_index dataType="fInt">2</slot_index>
            <card_index dataType="fInt">1</card_index>
            <name dataType="fString">I/O 1 M_SPTS In/MPTS Out/In_SwOut</name>
            <serial_number dataType="fString">BAJLXUW</serial_number>
            <state dataType="fString">Enabled</state>
            <type dataType="fString">BoardType_V2_GbE</type>
            <type_id dataType="fString">0</type_id>
            <clips dataType="fXml">
               <number_of_clips dataType="fInt">0</number_of_clips>
            </clips>
         </card_0>
         <card_1 dataType="fXml" modelIndex="1">
            <slot_index dataType="fInt">3</slot_index>
            <card_index dataType="fInt">2</card_index>
            <name dataType="fString">I/O 2  P_SPTS In/MPTS Out/In_SwOut</name>
            <serial_number dataType="fString">BALPJKD</serial_number>
            <state dataType="fString">Enabled</state>
            <type dataType="fString">BoardType_V2_GbE</type>
            <type_id dataType="fString">0</type_id>
            <clips dataType="fXml">
               <number_of_clips dataType="fInt">0</number_of_clips>
            </clips>
         </card_1>
        </cards>
      <interfaces dataType="fXml">
         <number_of_interfaces dataType="fInt">20</number_of_interfaces>
         <interface_0 dataType="fXml" modelIndex="0">
            <slot_index dataType="fInt">2</slot_index>
            <card_index dataType="fInt">1</card_index>
            <port_index dataType="fInt">0</port_index>
            <name dataType="fString">Port 1.1 M_SPTS In/MPTS Out</name>
            <type dataType="fString">IP</type>
            <ip_address dataType="fString">96.111.65.14</ip_address>
            <netmask dataType="fString">255.255.255.252</netmask>
            <gateway dataType="fString"/>
            <mac_address dataType="fString">38:C8:5C:2E:9D:ED</mac_address>
            <state dataType="fString">Enabled</state>
            <emode dataType="fString">ePortMode_Enabled</emode>
            <if_type dataType="fString">IOInterfaceType_V2_IP</if_type>
            <io_type dataType="fString">IOType_V2_I0</io_type>
         </interface_0>
         <interface_1 dataType="fXml" modelIndex="1">
            <slot_index dataType="fInt">2</slot_index>
            <card_index dataType="fInt">1</card_index>
            <port_index dataType="fInt">1</port_index>
            <name dataType="fString">Port 2</name>
            <type dataType="fString">IP</type>
            <ip_address dataType="fString">150.158.231.2</ip_address>
            <netmask dataType="fString">255.255.248.0</netmask>
            <gateway dataType="fString"/>
            <mac_address dataType="fString">38:C8:5C:2E:9D:EE</mac_address>
            <state dataType="fString">Enabled</state>
            <emode dataType="fString">ePortMode_Enabled</emode>
            <if_type dataType="fString">IOInterfaceType_V2_IP</if_type>
            <io_type dataType="fString">IOType_V2_I0</io_type>
         </interface_1>
        </interfaces>
      <state dataType="fInt">0</state>
      <state_string dataType="fString">Unknown</state_string>
      <summary_status dataType="fInt">5</summary_status>
      <summary_status_string dataType="fString">Major</summary_status_string>
      <comm_status dataType="fInt">1</comm_status>
      <comm_status_string dataType="fString">Ok</comm_status_string>
      <auto_save_configs dataType="fXml">
         <files dataType="fXml">
            <number_of_files dataType="fInt">30</number_of_files>
            <file_0 dataType="fXml" modelIndex="0">
               <physical_name dataType="fString">Auto.DCM.EDGE_VPC1_S26_05_X.DCF.CO.VACT.COMCAST.NET-configuration_2022-10-12T00-17-13.tar.gz</physical_name>
               <name dataType="fString">Auto.DCM.EDGE_VPC1_S26_05_X.DCF.CO.VACT.COMCAST.NET-configuration_2022-10-12T00-17-13.tar.gz</name>
               <absolute_name dataType="fString">/home/jaguar/jaguar_rel9.32.2/config-save/auto/dcm/Auto.DCM.EDGE_VPC1_S26_05_X.DCF.CO.VACT.COMCAST.NET-configuration_2022-10-12T00-17-13.tar.gz</absolute_name>
               <last_modified dataType="fDateTime">2022-10-12T00:17:18.000+00:00</last_modified>
               <size dataType="fLong">4720562</size>
               <md5 dataType="fString">2268bd9373e1877677b0176efa6abd18</md5>
               <content_type dataType="fString">application/octet-stream</content_type>
            </file_0>
            <file_1 dataType="fXml" modelIndex="1">
               <physical_name dataType="fString">Auto.DCM.EDGE_VPC1_S26_05_X.DCF.CO.VACT.COMCAST.NET-configuration_2022-10-11T00-16-25.tar.gz</physical_name>
               <name dataType="fString">Auto.DCM.EDGE_VPC1_S26_05_X.DCF.CO.VACT.COMCAST.NET-configuration_2022-10-11T00-16-25.tar.gz</name>
               <absolute_name dataType="fString">/home/jaguar/jaguar_rel9.32.2/config-save/auto/dcm/Auto.DCM.EDGE_VPC1_S26_05_X.DCF.CO.VACT.COMCAST.NET-configuration_2022-10-11T00-16-25.tar.gz</absolute_name>
               <last_modified dataType="fDateTime">2022-10-11T00:16:31.000+00:00</last_modified>
               <size dataType="fLong">4720559</size>
               <md5 dataType="fString">a987eb968a8e91d6fa3b98d0d1424787</md5>
               <content_type dataType="fString">application/octet-stream</content_type>
            </file_1>
            <file_2 dataType="fXml" modelIndex="2">
               <physical_name dataType="fString">Auto.DCM.EDGE_VPC1_S26_05_X.DCF.CO.VACT.COMCAST.NET-configuration_2022-10-10T00-15-34.tar.gz</physical_name>
               <name dataType="fString">Auto.DCM.EDGE_VPC1_S26_05_X.DCF.CO.VACT.COMCAST.NET-configuration_2022-10-10T00-15-34.tar.gz</name>
               <absolute_name dataType="fString">/home/jaguar/jaguar_rel9.32.2/config-save/auto/dcm/Auto.DCM.EDGE_VPC1_S26_05_X.DCF.CO.VACT.COMCAST.NET-configuration_2022-10-10T00-15-34.tar.gz</absolute_name>
               <last_modified dataType="fDateTime">2022-10-10T00:15:40.000+00:00</last_modified>
               <size dataType="fLong">4720566</size>
               <md5 dataType="fString">75eb7c052e59cfbc67f0ad5a3ca931c3</md5>
               <content_type dataType="fString">application/octet-stream</content_type>
            </file_2>
		</files>
      </auto_save_configs>
    </device>
   <input dataType="fXml">
      <number_of_streams dataType="fInt">640</number_of_streams>
      <streams dataType="fXml">
         <number_of_streams dataType="fInt">640</number_of_streams>
         <stream_0 dataType="fXml" modelIndex="0">
            <slot_index dataType="fInt">2</slot_index>
            <card_index dataType="fInt">1</card_index>
            <port_index dataType="fInt">0</port_index>
            <ts_index dataType="fInt">7</ts_index>
            <ts_uid dataType="fString">1:0:7</ts_uid>
            <ts_id dataType="fInt">-1</ts_id>
            <interface_type dataType="fString">IP</interface_type>
            <source_ip dataType="fString">0.0.0.0</source_ip>
            <address dataType="fString">232.40.49.217</address>
            <udp_port dataType="fInt">20004</udp_port>
            <ts_name dataType="fString">Stream-232.40.49.217</ts_name>
            <active_ts>
               <slot_index dataType="fInt">2</slot_index>
               <card_index dataType="fInt">1</card_index>
               <port_index dataType="fInt">0</port_index>
               <ts_index dataType="fInt">7</ts_index>
               <ts_uid dataType="fString">1:0:7</ts_uid>
               <ts_id dataType="fInt">-1</ts_id>
               <interface_type dataType="fString">IP</interface_type>
               <source_ip dataType="fString">0.0.0.0</source_ip>
               <address dataType="fString">232.40.49.217</address>
               <udp_port dataType="fInt">20004</udp_port>
               <ts_name dataType="fString">Stream-232.40.49.217</ts_name>
            </active_ts>
            <redundancy_code dataType="fInt">0</redundancy_code>
            <redundancy_mode dataType="fString">None</redundancy_mode>
            <in_backup dataType="fBoolean">false</in_backup>
            <number_of_services dataType="fInt">0</number_of_services>
            <services dataType="fXml">
               <number_of_services dataType="fInt">0</number_of_services>
            </services>
         </stream_0>
         <stream_1 dataType="fXml" modelIndex="1">
            <slot_index dataType="fInt">2</slot_index>
            <card_index dataType="fInt">1</card_index>
            <port_index dataType="fInt">0</port_index>
            <ts_index dataType="fInt">10</ts_index>
            <ts_uid dataType="fString">1:0:10</ts_uid>
            <ts_id dataType="fInt">1</ts_id>
            <interface_type dataType="fString">IP</interface_type>
            <source_ip dataType="fString">96.111.78.50</source_ip>
            <address dataType="fString">232.38.73.174</address>
            <udp_port dataType="fInt">39001</udp_port>
            <ts_name dataType="fString">WBBHD_HD_POMP_WEST_13039_0</ts_name>
            <active_ts>
               <slot_index dataType="fInt">2</slot_index>
               <card_index dataType="fInt">1</card_index>
               <port_index dataType="fInt">0</port_index>
               <ts_index dataType="fInt">10</ts_index>
               <ts_uid dataType="fString">1:0:10</ts_uid>
               <ts_id dataType="fInt">1</ts_id>
               <interface_type dataType="fString">IP</interface_type>
               <source_ip dataType="fString">96.111.78.50</source_ip>
               <address dataType="fString">232.38.73.174</address>
               <udp_port dataType="fInt">39001</udp_port>
               <ts_name dataType="fString">WBBHD_HD_POMP_WEST_13039_0</ts_name>
            </active_ts>
            <redundancy_code dataType="fInt">0</redundancy_code>
            <redundancy_mode dataType="fString">None</redundancy_mode>
            <in_backup dataType="fBoolean">false</in_backup>
            <number_of_services dataType="fInt">1</number_of_services>
            <services dataType="fXml">
               <number_of_services dataType="fInt">1</number_of_services>
               <svc_0 dataType="fXml" modelIndex="0">
                  <slot_index dataType="fInt">2</slot_index>
                  <card_index dataType="fInt">1</card_index>
                  <port_index dataType="fInt">0</port_index>
                  <ts_index dataType="fInt">10</ts_index>
                  <ts_id dataType="fInt">1</ts_id>
                  <ts_uid dataType="fString">1:0:10</ts_uid>
                  <svc_id dataType="fInt">1</svc_id>
                  <svc_uid dataType="fString">1:0:10:1</svc_uid>
                  <program_number dataType="fInt">1</program_number>
                  <svc_name dataType="fString">WBBHD_HD_POMP_WEST_13039_0</svc_name>
                  <video_pid dataType="fInt">101</video_pid>
                  <pids dataType="fXml">
                     <number_of_pids dataType="fInt">3</number_of_pids>
                     <pid_0 dataType="fXml" modelIndex="0">
                        <number dataType="fInt">101</number>
                        <es_type dataType="fInt">27</es_type>
                        <content_type dataType="fInt">1</content_type>
                        <content_type_string dataType="fString">Video</content_type_string>
                        <description dataType="fString">ITU-T Rec. H.264 and ISO/IEC 14496-10 (lower bit-rate video)</description>
                     </pid_0>
                     <pid_1 dataType="fXml" modelIndex="1">
                        <number dataType="fInt">104</number>
                        <es_type dataType="fInt">15</es_type>
                        <content_type dataType="fInt">2</content_type>
                        <content_type_string dataType="fString">Audio</content_type_string>
                        <description dataType="fString">ISO/IEC 13818-7 ADTS AAC (MPEG-2 lower bit-rate audio)</description>
                     </pid_1>
                     <pid_2 dataType="fXml" modelIndex="2">
                        <number dataType="fInt">105</number>
                        <es_type dataType="fInt">15</es_type>
                        <content_type dataType="fInt">2</content_type>
                        <content_type_string dataType="fString">Audio</content_type_string>
                        <description dataType="fString">ISO/IEC 13818-7 ADTS AAC (MPEG-2 lower bit-rate audio)</description>
                     </pid_2>
                  </pids>
               </svc_0>
            </services>
         </stream_1>
	   </streams>
	</input>
   <output dataType="fXml">
      <number_of_streams dataType="fInt">440</number_of_streams>
      <streams dataType="fXml">
         <number_of_streams dataType="fInt">440</number_of_streams>
         <stream_0 dataType="fXml" modelIndex="0">
            <slot_index dataType="fInt">2</slot_index>
            <card_index dataType="fInt">1</card_index>
            <port_index dataType="fInt">0</port_index>
            <ts_index dataType="fInt">0</ts_index>
            <ts_uid dataType="fString">1:0:0</ts_uid>
            <interface_type dataType="fString">IP</interface_type>
            <source_ip dataType="fString">96.111.65.14</source_ip>
            <address dataType="fString">232.38.76.161</address>
            <udp_port dataType="fInt">40000</udp_port>
            <bitrate dataType="fInt">3500000</bitrate>
            <ts_name dataType="fString">WTOC_SD_JKSNVdFL_8376_0</ts_name>
            <number_of_services dataType="fInt">3</number_of_services>
            <services dataType="fXml">
               <number_of_services dataType="fInt">3</number_of_services>
               <svc_0 dataType="fXml" modelIndex="0">
                  <slot_index dataType="fInt">2</slot_index>
                  <card_index dataType="fInt">1</card_index>
                  <port_index dataType="fInt">0</port_index>
                  <ts_index dataType="fInt">0</ts_index>
                  <ts_uid dataType="fString">1:0:0</ts_uid>
                  <in_backup dataType="fBoolean">false</in_backup>
                  <in_slate dataType="fBoolean">false</in_slate>
                  <svc_id dataType="fInt">1</svc_id>
                  <svc_uid dataType="fString">1:0:0:1</svc_uid>
                  <program_number dataType="fInt">1</program_number>
                  <svc_name dataType="fString">WTOC_SD_JKSNVdFL_8376_0</svc_name>
                  <video_pid dataType="fInt">101</video_pid>
                  <pids dataType="fXml">
                     <number_of_pids dataType="fInt">5</number_of_pids>
                     <pid_0 dataType="fXml" modelIndex="0">
                        <number dataType="fInt">101</number>
                        <es_type dataType="fInt">27</es_type>
                        <content_type dataType="fInt">1</content_type>
                        <content_type_string dataType="fString">Video</content_type_string>
                        <description dataType="fString">ITU-T Rec. H.264 and ISO/IEC 14496-10 (lower bit-rate video)</description>
                     </pid_0>
                     <pid_1 dataType="fXml" modelIndex="1">
                        <number dataType="fInt">102</number>
                        <es_type dataType="fInt">135</es_type>
                        <content_type dataType="fInt">2</content_type>
                        <content_type_string dataType="fString">Audio</content_type_string>
                        <description dataType="fString">Dolby Digital Plus (E-AC-3 Audio)</description>
                     </pid_1>
                     <pid_2 dataType="fXml" modelIndex="2">
                        <number dataType="fInt">103</number>
                        <es_type dataType="fInt">135</es_type>
                        <content_type dataType="fInt">2</content_type>
                        <content_type_string dataType="fString">Audio</content_type_string>
                        <description dataType="fString">Dolby Digital Plus (E-AC-3 Audio)</description>
                     </pid_2>
                     <pid_3 dataType="fXml" modelIndex="3">
                        <number dataType="fInt">104</number>
                        <es_type dataType="fInt">15</es_type>
                        <content_type dataType="fInt">2</content_type>
                        <content_type_string dataType="fString">Audio</content_type_string>
                        <description dataType="fString">ISO/IEC 13818-7 ADTS AAC (MPEG-2 lower bit-rate audio)</description>
                     </pid_3>
                     <pid_4 dataType="fXml" modelIndex="4">
                        <number dataType="fInt">105</number>
                        <es_type dataType="fInt">15</es_type>
                        <content_type dataType="fInt">2</content_type>
                        <content_type_string dataType="fString">Audio</content_type_string>
                        <description dataType="fString">ISO/IEC 13818-7 ADTS AAC (MPEG-2 lower bit-rate audio)</description>
                     </pid_4>
                  </pids>
                  <main_input>
                     <slot_index dataType="fInt">2</slot_index>
                     <card_index dataType="fInt">1</card_index>
                     <port_index dataType="fInt">0</port_index>
                     <ts_index dataType="fInt">324</ts_index>
                     <ts_id dataType="fInt">1</ts_id>
                     <ts_uid dataType="fString">1:0:324</ts_uid>
                     <svc_id dataType="fInt">1</svc_id>
                     <svc_uid dataType="fString">1:0:324:1</svc_uid>
                  </main_input>
                  <active_input>
                     <slot_index dataType="fInt">2</slot_index>
                     <card_index dataType="fInt">1</card_index>
                     <port_index dataType="fInt">0</port_index>
                     <ts_index dataType="fInt">324</ts_index>
                     <ts_id dataType="fInt">1</ts_id>
                     <ts_uid dataType="fString">1:0:324</ts_uid>
                     <svc_id dataType="fInt">1</svc_id>
                     <svc_uid dataType="fString">1:0:324:1</svc_uid>
                  </active_input>
               </svc_0>
           </services>
        </stream_0>
      </streams>
	</output>
   <alarms>
      <number_of_alarms dataType="fInt">116</number_of_alarms>
      <alarm_0 dataType="fXml" modelIndex="0">
         <category dataType="fInt">1</category>
         <category_string dataType="fString">Input</category_string>
         <level dataType="fInt">4</level>
         <level_string dataType="fString">Stream</level_string>
         <severity dataType="fInt">2</severity>
         <severity_string dataType="fString">Major</severity_string>
         <type dataType="fInt">7</type>
         <card_index dataType="fInt">1</card_index>
         <port_index dataType="fInt">0</port_index>
         <ts_index dataType="fInt">154</ts_index>
         <name dataType="fString">UDP Stream Loss</name>
         <message dataType="fString">UDP Stream Loss | Card(1) Port(1) TS(154) | TS=232.40.50.246:40000=; Source IP=0.0.0.0=; </message>
         <detail dataType="fString">TS=232.40.50.246:40000=;Source IP=0.0.0.0=;</detail>
      </alarm_0>
      <alarm_1 dataType="fXml" modelIndex="1">
         <category dataType="fInt">0</category>
         <category_string dataType="fString">Other</category_string>
         <level dataType="fInt">3</level>
         <level_string dataType="fString">Port</level_string>
         <severity dataType="fInt">2</severity>
         <severity_string dataType="fString">Major</severity_string>
         <type dataType="fInt">4</type>
         <card_index dataType="fInt">1</card_index>
         <port_index dataType="fInt">3</port_index>
         <name dataType="fString">Link Loss</name>
         <message dataType="fString">Link Loss | Card(1) Port(4)</message>
         <detail dataType="fString"/>
      </alarm_1>
      <alarm_2 dataType="fXml" modelIndex="2">
         <category dataType="fInt">1</category>
         <category_string dataType="fString">Input</category_string>
         <level dataType="fInt">4</level>
         <level_string dataType="fString">Stream</level_string>
         <severity dataType="fInt">2</severity>
         <severity_string dataType="fString">Major</severity_string>
         <type dataType="fInt">55</type>
         <card_index dataType="fInt">1</card_index>
         <port_index dataType="fInt">0</port_index>
         <ts_index dataType="fInt">270</ts_index>
         <name dataType="fString">TS Loss</name>
         <message dataType="fString">TS Loss | Card(1) Port(1) TS(270) | TS=232.38.74.13:39005=; Source IP=0.0.0.0=; Cause=UDP Stream Loss=; </message>
         <detail dataType="fString">TS=232.38.74.13:39005=;Source IP=0.0.0.0=;Cause=UDP Stream Loss=;</detail>
      </alarm_2>
      <alarm_3 dataType="fXml" modelIndex="3">
         <category dataType="fInt">1</category>
         <category_string dataType="fString">Input</category_string>
         <level dataType="fInt">3</level>
         <level_string dataType="fString">Port</level_string>
         <severity dataType="fInt">2</severity>
         <severity_string dataType="fString">Major</severity_string>
         <type dataType="fInt">31</type>
         <card_index dataType="fInt">2</card_index>
         <port_index dataType="fInt">0</port_index>
         <name dataType="fString">UDP Loss</name>
         <message dataType="fString">UDP Loss | Card(2) Port(1)</message>
         <detail dataType="fString"/>
      </alarm_3>
      <alarm_4 dataType="fXml" modelIndex="4">
         <category dataType="fInt">1</category>
         <category_string dataType="fString">Input</category_string>
         <level dataType="fInt">4</level>
         <level_string dataType="fString">Stream</level_string>
         <severity dataType="fInt">2</severity>
         <severity_string dataType="fString">Major</severity_string>
         <type dataType="fInt">7</type>
         <card_index dataType="fInt">1</card_index>
         <port_index dataType="fInt">0</port_index>
         <ts_index dataType="fInt">272</ts_index>
         <name dataType="fString">UDP Stream Loss</name>
         <message dataType="fString">UDP Stream Loss | Card(1) Port(1) TS(272) | TS=232.38.74.100:39005=; Source IP=0.0.0.0=; </message>
         <detail dataType="fString">TS=232.38.74.100:39005=;Source IP=0.0.0.0=;</detail>
      </alarm_4>
      <alarm_5 dataType="fXml" modelIndex="5">
         <category dataType="fInt">1</category>
         <category_string dataType="fString">Input</category_string>
         <level dataType="fInt">4</level>
         <level_string dataType="fString">Stream</level_string>
         <severity dataType="fInt">2</severity>
         <severity_string dataType="fString">Major</severity_string>
         <type dataType="fInt">55</type>
         <card_index dataType="fInt">3</card_index>
         <port_index dataType="fInt">0</port_index>
         <ts_index dataType="fInt">277</ts_index>
         <name dataType="fString">TS Loss</name>
         <message dataType="fString">TS Loss | Card(3) Port(1) TS(277) | TS=232.38.72.134:39005=; Source IP=0.0.0.0=; Cause=UDP Stream Loss=; </message>
         <detail dataType="fString">TS=232.38.72.134:39005=;Source IP=0.0.0.0=;Cause=UDP Stream Loss=;</detail>
      </alarm_5>
      <alarm_6 dataType="fXml" modelIndex="6">
         <category dataType="fInt">1</category>
         <category_string dataType="fString">Input</category_string>
         <level dataType="fInt">4</level>
         <level_string dataType="fString">Stream</level_string>
         <severity dataType="fInt">2</severity>
         <severity_string dataType="fString">Major</severity_string>
         <type dataType="fInt">7</type>
         <card_index dataType="fInt">3</card_index>
         <port_index dataType="fInt">2</port_index>
         <ts_index dataType="fInt">114</ts_index>
         <name dataType="fString">UDP Stream Loss</name>
         <message dataType="fString">UDP Stream Loss | Card(3) Port(3) TS(114) | TS=232.36.14.10:10000=; Source IP=10.44.223.154=; </message>
         <detail dataType="fString">TS=232.36.14.10:10000=;Source IP=10.44.223.154=;</detail>
      </alarm_6>
      <alarm_7 dataType="fXml" modelIndex="7">
         <category dataType="fInt">1</category>
         <category_string dataType="fString">Input</category_string>
         <level dataType="fInt">4</level>
         <level_string dataType="fString">Stream</level_string>
         <severity dataType="fInt">2</severity>
         <severity_string dataType="fString">Major</severity_string>
         <type dataType="fInt">7</type>
         <card_index dataType="fInt">3</card_index>
         <port_index dataType="fInt">0</port_index>
         <ts_index dataType="fInt">270</ts_index>
         <name dataType="fString">UDP Stream Loss</name>
         <message dataType="fString">UDP Stream Loss | Card(3) Port(1) TS(270) | TS=232.38.74.159:39005=; Source IP=0.0.0.0=; </message>
         <detail dataType="fString">TS=232.38.74.159:39005=;Source IP=0.0.0.0=;</detail>
      </alarm_7>
      <alarm_8 dataType="fXml" modelIndex="8">
         <category dataType="fInt">1</category>
         <category_string dataType="fString">Input</category_string>
         <level dataType="fInt">4</level>
         <level_string dataType="fString">Stream</level_string>
         <severity dataType="fInt">2</severity>
         <severity_string dataType="fString">Major</severity_string>
         <type dataType="fInt">7</type>
         <card_index dataType="fInt">1</card_index>
         <port_index dataType="fInt">0</port_index>
         <ts_index dataType="fInt">143</ts_index>
         <name dataType="fString">UDP Stream Loss</name>
         <message dataType="fString">UDP Stream Loss | Card(1) Port(1) TS(143) | TS=232.40.50.254:40000=; Source IP=0.0.0.0=; </message>
         <detail dataType="fString">TS=232.40.50.254:40000=;Source IP=0.0.0.0=;</detail>
      </alarm_8>
      <alarm_9 dataType="fXml" modelIndex="9">
         <category dataType="fInt">1</category>
         <category_string dataType="fString">Input</category_string>
         <level dataType="fInt">4</level>
         <level_string dataType="fString">Stream</level_string>
         <severity dataType="fInt">2</severity>
         <severity_string dataType="fString">Major</severity_string>
         <type dataType="fInt">7</type>
         <card_index dataType="fInt">3</card_index>
         <port_index dataType="fInt">0</port_index>
         <ts_index dataType="fInt">99</ts_index>
         <name dataType="fString">UDP Stream Loss</name>
         <message dataType="fString">UDP Stream Loss | Card(3) Port(1) TS(99) | TS=232.40.43.111:20001=; Source IP=0.0.0.0=; </message>
         <detail dataType="fString">TS=232.40.43.111:20001=;Source IP=0.0.0.0=;</detail>
      </alarm_9>
      <alarm_10 dataType="fXml" modelIndex="10">
         <category dataType="fInt">1</category>
         <category_string dataType="fString">Input</category_string>
         <level dataType="fInt">4</level>
         <level_string dataType="fString">Stream</level_string>
         <severity dataType="fInt">2</severity>
         <severity_string dataType="fString">Major</severity_string>
         <type dataType="fInt">7</type>
         <card_index dataType="fInt">1</card_index>
         <port_index dataType="fInt">0</port_index>
         <ts_index dataType="fInt">271</ts_index>
         <name dataType="fString">UDP Stream Loss</name>
         <message dataType="fString">UDP Stream Loss | Card(1) Port(1) TS(271) | TS=232.38.74.16:39005=; Source IP=0.0.0.0=; </message>
         <detail dataType="fString">TS=232.38.74.16:39005=;Source IP=0.0.0.0=;</detail>
      </alarm_10>
      <alarm_11 dataType="fXml" modelIndex="11">
         <category dataType="fInt">1</category>
         <category_string dataType="fString">Input</category_string>
         <level dataType="fInt">4</level>
         <level_string dataType="fString">Stream</level_string>
         <severity dataType="fInt">2</severity>
         <severity_string dataType="fString">Major</severity_string>
         <type dataType="fInt">7</type>
         <card_index dataType="fInt">3</card_index>
         <port_index dataType="fInt">0</port_index>
         <ts_index dataType="fInt">58</ts_index>
         <name dataType="fString">UDP Stream Loss</name>
         <message dataType="fString">UDP Stream Loss | Card(3) Port(1) TS(58) | TS=232.40.43.111:20004=; Source IP=0.0.0.0=; </message>
         <detail dataType="fString">TS=232.40.43.111:20004=;Source IP=0.0.0.0=;</detail>
      </alarm_11>
      <alarm_12 dataType="fXml" modelIndex="12">
         <category dataType="fInt">1</category>
         <category_string dataType="fString">Input</category_string>
         <level dataType="fInt">4</level>
         <level_string dataType="fString">Stream</level_string>
         <severity dataType="fInt">2</severity>
         <severity_string dataType="fString">Major</severity_string>
         <type dataType="fInt">55</type>
         <card_index dataType="fInt">3</card_index>
         <port_index dataType="fInt">0</port_index>
         <ts_index dataType="fInt">53</ts_index>
         <name dataType="fString">TS Loss</name>
         <message dataType="fString">TS Loss | Card(3) Port(1) TS(53) | TS=232.40.43.111:20000=; Source IP=0.0.0.0=; Cause=UDP Stream Loss=; </message>
         <detail dataType="fString">TS=232.40.43.111:20000=;Source IP=0.0.0.0=;Cause=UDP Stream Loss=;</detail>
      </alarm_12>
      <alarm_13 dataType="fXml" modelIndex="13">
         <category dataType="fInt">1</category>
         <category_string dataType="fString">Input</category_string>
         <level dataType="fInt">4</level>
         <level_string dataType="fString">Stream</level_string>
         <severity dataType="fInt">2</severity>
         <severity_string dataType="fString">Major</severity_string>
         <type dataType="fInt">55</type>
         <card_index dataType="fInt">1</card_index>
         <port_index dataType="fInt">0</port_index>
         <ts_index dataType="fInt">154</ts_index>
         <name dataType="fString">TS Loss</name>
         <message dataType="fString">TS Loss | Card(1) Port(1) TS(154) | TS=232.40.50.246:40000=; Source IP=0.0.0.0=; Cause=UDP Stream Loss=; </message>
         <detail dataType="fString">TS=232.40.50.246:40000=;Source IP=0.0.0.0=;Cause=UDP Stream Loss=;</detail>
      </alarm_13>
      <alarm_14 dataType="fXml" modelIndex="14">
         <category dataType="fInt">0</category>
         <category_string dataType="fString">Other</category_string>
         <level dataType="fInt">3</level>
         <level_string dataType="fString">Port</level_string>
         <severity dataType="fInt">2</severity>
         <severity_string dataType="fString">Major</severity_string>
         <type dataType="fInt">4</type>
         <card_index dataType="fInt">2</card_index>
         <port_index dataType="fInt">1</port_index>
         <name dataType="fString">Link Loss</name>
         <message dataType="fString">Link Loss | Card(2) Port(2)</message>
         <detail dataType="fString"/>
      </alarm_14>
      <alarm_15 dataType="fXml" modelIndex="15">
         <category dataType="fInt">1</category>
         <category_string dataType="fString">Input</category_string>
         <level dataType="fInt">4</level>
         <level_string dataType="fString">Stream</level_string>
         <severity dataType="fInt">2</severity>
         <severity_string dataType="fString">Major</severity_string>
         <type dataType="fInt">7</type>
         <card_index dataType="fInt">3</card_index>
         <port_index dataType="fInt">0</port_index>
         <ts_index dataType="fInt">278</ts_index>
         <name dataType="fString">UDP Stream Loss</name>
         <message dataType="fString">UDP Stream Loss | Card(3) Port(1) TS(278) | TS=232.38.72.104:39005=; Source IP=0.0.0.0=; </message>
         <detail dataType="fString">TS=232.38.72.104:39005=;Source IP=0.0.0.0=;</detail>
      </alarm_15>
      <alarm_16 dataType="fXml" modelIndex="16">
         <category dataType="fInt">1</category>
         <category_string dataType="fString">Input</category_string>
         <level dataType="fInt">4</level>
         <level_string dataType="fString">Stream</level_string>
         <severity dataType="fInt">2</severity>
         <severity_string dataType="fString">Major</severity_string>
         <type dataType="fInt">7</type>
         <card_index dataType="fInt">3</card_index>
         <port_index dataType="fInt">0</port_index>
         <ts_index dataType="fInt">95</ts_index>
         <name dataType="fString">UDP Stream Loss</name>
         <message dataType="fString">UDP Stream Loss | Card(3) Port(1) TS(95) | TS=232.40.43.111:20002=; Source IP=0.0.0.0=; </message>
         <detail dataType="fString">TS=232.40.43.111:20002=;Source IP=0.0.0.0=;</detail>
      </alarm_16>
      <alarm_17 dataType="fXml" modelIndex="17">
         <category dataType="fInt">1</category>
         <category_string dataType="fString">Input</category_string>
         <level dataType="fInt">4</level>
         <level_string dataType="fString">Stream</level_string>
         <severity dataType="fInt">2</severity>
         <severity_string dataType="fString">Major</severity_string>
         <type dataType="fInt">55</type>
         <card_index dataType="fInt">1</card_index>
         <port_index dataType="fInt">0</port_index>
         <ts_index dataType="fInt">145</ts_index>
         <name dataType="fString">TS Loss</name>
         <message dataType="fString">TS Loss | Card(1) Port(1) TS(145) | TS=232.40.49.217:40002=; Source IP=0.0.0.0=; Cause=UDP Stream Loss=; </message>
         <detail dataType="fString">TS=232.40.49.217:40002=;Source IP=0.0.0.0=;Cause=UDP Stream Loss=;</detail>
      </alarm_17>
      <alarm_18 dataType="fXml" modelIndex="18">
         <category dataType="fInt">1</category>
         <category_string dataType="fString">Input</category_string>
         <level dataType="fInt">4</level>
         <level_string dataType="fString">Stream</level_string>
         <severity dataType="fInt">2</severity>
         <severity_string dataType="fString">Major</severity_string>
         <type dataType="fInt">55</type>
         <card_index dataType="fInt">3</card_index>
         <port_index dataType="fInt">0</port_index>
         <ts_index dataType="fInt">267</ts_index>
         <name dataType="fString">TS Loss</name>
         <message dataType="fString">TS Loss | Card(3) Port(1) TS(267) | TS=232.38.74.204:39005=; Source IP=0.0.0.0=; Cause=UDP Stream Loss=; </message>
         <detail dataType="fString">TS=232.38.74.204:39005=;Source IP=0.0.0.0=;Cause=UDP Stream Loss=;</detail>
      </alarm_18>
      <alarm_19 dataType="fXml" modelIndex="19">
         <category dataType="fInt">1</category>
         <category_string dataType="fString">Input</category_string>
         <level dataType="fInt">4</level>
         <level_string dataType="fString">Stream</level_string>
         <severity dataType="fInt">2</severity>
         <severity_string dataType="fString">Major</severity_string>
         <type dataType="fInt">7</type>
         <card_index dataType="fInt">3</card_index>
         <port_index dataType="fInt">0</port_index>
         <ts_index dataType="fInt">268</ts_index>
         <name dataType="fString">UDP Stream Loss</name>
         <message dataType="fString">UDP Stream Loss | Card(3) Port(1) TS(268) | TS=232.38.74.207:39005=; Source IP=0.0.0.0=; </message>
         <detail dataType="fString">TS=232.38.74.207:39005=;Source IP=0.0.0.0=;</detail>
      </alarm_19>
      <alarm_20 dataType="fXml" modelIndex="20">
         <category dataType="fInt">1</category>
         <category_string dataType="fString">Input</category_string>
         <level dataType="fInt">4</level>
         <level_string dataType="fString">Stream</level_string>
         <severity dataType="fInt">2</severity>
         <severity_string dataType="fString">Major</severity_string>
         <type dataType="fInt">55</type>
         <card_index dataType="fInt">1</card_index>
         <port_index dataType="fInt">0</port_index>
         <ts_index dataType="fInt">87</ts_index>
         <name dataType="fString">TS Loss</name>
         <message dataType="fString">TS Loss | Card(1) Port(1) TS(87) | TS=232.40.50.254:20004=; Source IP=0.0.0.0=; Cause=UDP Stream Loss=; </message>
         <detail dataType="fString">TS=232.40.50.254:20004=;Source IP=0.0.0.0=;Cause=UDP Stream Loss=;</detail>
      </alarm_20>
      <alarm_21 dataType="fXml" modelIndex="21">
         <category dataType="fInt">1</category>
         <category_string dataType="fString">Input</category_string>
         <level dataType="fInt">4</level>
         <level_string dataType="fString">Stream</level_string>
         <severity dataType="fInt">2</severity>
         <severity_string dataType="fString">Major</severity_string>
         <type dataType="fInt">55</type>
         <card_index dataType="fInt">1</card_index>
         <port_index dataType="fInt">0</port_index>
         <ts_index dataType="fInt">271</ts_index>
         <name dataType="fString">TS Loss</name>
         <message dataType="fString">TS Loss | Card(1) Port(1) TS(271) | TS=232.38.74.16:39005=; Source IP=0.0.0.0=; Cause=UDP Stream Loss=; </message>
         <detail dataType="fString">TS=232.38.74.16:39005=;Source IP=0.0.0.0=;Cause=UDP Stream Loss=;</detail>
      </alarm_21>
      <alarm_22 dataType="fXml" modelIndex="22">
         <category dataType="fInt">1</category>
         <category_string dataType="fString">Input</category_string>
         <level dataType="fInt">4</level>
         <level_string dataType="fString">Stream</level_string>
         <severity dataType="fInt">2</severity>
         <severity_string dataType="fString">Major</severity_string>
         <type dataType="fInt">7</type>
         <card_index dataType="fInt">1</card_index>
         <port_index dataType="fInt">0</port_index>
         <ts_index dataType="fInt">133</ts_index>
         <name dataType="fString">UDP Stream Loss</name>
         <message dataType="fString">UDP Stream Loss | Card(1) Port(1) TS(133) | TS=232.40.50.254:40001=; Source IP=0.0.0.0=; </message>
         <detail dataType="fString">TS=232.40.50.254:40001=;Source IP=0.0.0.0=;</detail>
      </alarm_22>
      <alarm_23 dataType="fXml" modelIndex="23">
         <category dataType="fInt">1</category>
         <category_string dataType="fString">Input</category_string>
         <level dataType="fInt">4</level>
         <level_string dataType="fString">Stream</level_string>
         <severity dataType="fInt">2</severity>
         <severity_string dataType="fString">Major</severity_string>
         <type dataType="fInt">55</type>
         <card_index dataType="fInt">3</card_index>
         <port_index dataType="fInt">2</port_index>
         <ts_index dataType="fInt">114</ts_index>
         <name dataType="fString">TS Loss</name>
         <message dataType="fString">TS Loss | Card(3) Port(3) TS(114) | TS=232.36.14.10:10000=; Source IP=10.44.223.154=; Cause=UDP Stream Loss=; </message>
         <detail dataType="fString">TS=232.36.14.10:10000=;Source IP=10.44.223.154=;Cause=UDP Stream Loss=;</detail>
      </alarm_23>
      <alarm_24 dataType="fXml" modelIndex="24">
         <category dataType="fInt">2</category>
         <category_string dataType="fString">Output</category_string>
         <level dataType="fInt">5</level>
         <level_string dataType="fString">Service</level_string>
         <severity dataType="fInt">4</severity>
         <severity_string dataType="fString">Warning</severity_string>
         <type dataType="fInt">77</type>
         <card_index dataType="fInt">2</card_index>
         <port_index dataType="fInt">2</port_index>
         <ts_index dataType="fInt">77</ts_index>
         <name dataType="fString">Service in Backup (TS Loss)</name>
         <message dataType="fString">Service in Backup (TS Loss) | Card(2) Port(3) TS(77) | TS=232.38.80.211:10000=; </message>
         <detail dataType="fString">TS=232.38.80.211:10000=;</detail>
      </alarm_24>
      <alarm_25 dataType="fXml" modelIndex="25">
         <category dataType="fInt">0</category>
         <category_string dataType="fString">Other</category_string>
         <level dataType="fInt">3</level>
         <level_string dataType="fString">Port</level_string>
         <severity dataType="fInt">2</severity>
         <severity_string dataType="fString">Major</severity_string>
         <type dataType="fInt">4</type>
         <card_index dataType="fInt">3</card_index>
         <port_index dataType="fInt">1</port_index>
         <name dataType="fString">Link Loss</name>
         <message dataType="fString">Link Loss | Card(3) Port(2)</message>
         <detail dataType="fString"/>
      </alarm_25>
      <alarm_26 dataType="fXml" modelIndex="26">
         <category dataType="fInt">1</category>
         <category_string dataType="fString">Input</category_string>
         <level dataType="fInt">4</level>
         <level_string dataType="fString">Stream</level_string>
         <severity dataType="fInt">2</severity>
         <severity_string dataType="fString">Major</severity_string>
         <type dataType="fInt">55</type>
         <card_index dataType="fInt">1</card_index>
         <port_index dataType="fInt">0</port_index>
         <ts_index dataType="fInt">126</ts_index>
         <name dataType="fString">TS Loss</name>
         <message dataType="fString">TS Loss | Card(1) Port(1) TS(126) | TS=232.40.50.254:20000=; Source IP=0.0.0.0=; Cause=UDP Stream Loss=; </message>
         <detail dataType="fString">TS=232.40.50.254:20000=;Source IP=0.0.0.0=;Cause=UDP Stream Loss=;</detail>
      </alarm_26>
      <alarm_27 dataType="fXml" modelIndex="27">
         <category dataType="fInt">1</category>
         <category_string dataType="fString">Input</category_string>
         <level dataType="fInt">4</level>
         <level_string dataType="fString">Stream</level_string>
         <severity dataType="fInt">2</severity>
         <severity_string dataType="fString">Major</severity_string>
         <type dataType="fInt">7</type>
         <card_index dataType="fInt">1</card_index>
         <port_index dataType="fInt">0</port_index>
         <ts_index dataType="fInt">101</ts_index>
         <name dataType="fString">UDP Stream Loss</name>
         <message dataType="fString">UDP Stream Loss | Card(1) Port(1) TS(101) | TS=232.40.50.250:20004=; Source IP=0.0.0.0=; </message>
         <detail dataType="fString">TS=232.40.50.250:20004=;Source IP=0.0.0.0=;</detail>
      </alarm_27>
      <alarm_28 dataType="fXml" modelIndex="28">
         <category dataType="fInt">1</category>
         <category_string dataType="fString">Input</category_string>
         <level dataType="fInt">4</level>
         <level_string dataType="fString">Stream</level_string>
         <severity dataType="fInt">2</severity>
         <severity_string dataType="fString">Major</severity_string>
         <type dataType="fInt">55</type>
         <card_index dataType="fInt">1</card_index>
         <port_index dataType="fInt">0</port_index>
         <ts_index dataType="fInt">101</ts_index>
         <name dataType="fString">TS Loss</name>
         <message dataType="fString">TS Loss | Card(1) Port(1) TS(101) | TS=232.40.50.250:20004=; Source IP=0.0.0.0=; Cause=UDP Stream Loss=; </message>
         <detail dataType="fString">TS=232.40.50.250:20004=;Source IP=0.0.0.0=;Cause=UDP Stream Loss=;</detail>
      </alarm_28>
      <alarm_29 dataType="fXml" modelIndex="29">
         <category dataType="fInt">1</category>
         <category_string dataType="fString">Input</category_string>
         <level dataType="fInt">4</level>
         <level_string dataType="fString">Stream</level_string>
         <severity dataType="fInt">2</severity>
         <severity_string dataType="fString">Major</severity_string>
         <type dataType="fInt">7</type>
         <card_index dataType="fInt">3</card_index>
         <port_index dataType="fInt">0</port_index>
         <ts_index dataType="fInt">282</ts_index>
         <name dataType="fString">UDP Stream Loss</name>
         <message dataType="fString">UDP Stream Loss | Card(3) Port(1) TS(282) | TS=232.38.72.116:39005=; Source IP=0.0.0.0=; </message>
         <detail dataType="fString">TS=232.38.72.116:39005=;Source IP=0.0.0.0=;</detail>
      </alarm_29>
      <alarm_30 dataType="fXml" modelIndex="30">
         <category dataType="fInt">1</category>
         <category_string dataType="fString">Input</category_string>
         <level dataType="fInt">4</level>
         <level_string dataType="fString">Stream</level_string>
         <severity dataType="fInt">2</severity>
         <severity_string dataType="fString">Major</severity_string>
         <type dataType="fInt">7</type>
         <card_index dataType="fInt">3</card_index>
         <port_index dataType="fInt">0</port_index>
         <ts_index dataType="fInt">283</ts_index>
         <name dataType="fString">UDP Stream Loss</name>
         <message dataType="fString">UDP Stream Loss | Card(3) Port(1) TS(283) | TS=232.38.72.113:39005=; Source IP=0.0.0.0=; </message>
         <detail dataType="fString">TS=232.38.72.113:39005=;Source IP=0.0.0.0=;</detail>
      </alarm_30>
      <alarm_31 dataType="fXml" modelIndex="31">
         <category dataType="fInt">1</category>
         <category_string dataType="fString">Input</category_string>
         <level dataType="fInt">4</level>
         <level_string dataType="fString">Stream</level_string>
         <severity dataType="fInt">2</severity>
         <severity_string dataType="fString">Major</severity_string>
         <type dataType="fInt">55</type>
         <card_index dataType="fInt">3</card_index>
         <port_index dataType="fInt">0</port_index>
         <ts_index dataType="fInt">268</ts_index>
         <name dataType="fString">TS Loss</name>
         <message dataType="fString">TS Loss | Card(3) Port(1) TS(268) | TS=232.38.74.207:39005=; Source IP=0.0.0.0=; Cause=UDP Stream Loss=; </message>
         <detail dataType="fString">TS=232.38.74.207:39005=;Source IP=0.0.0.0=;Cause=UDP Stream Loss=;</detail>
      </alarm_31>
      <alarm_32 dataType="fXml" modelIndex="32">
         <category dataType="fInt">1</category>
         <category_string dataType="fString">Input</category_string>
         <level dataType="fInt">4</level>
         <level_string dataType="fString">Stream</level_string>
         <severity dataType="fInt">2</severity>
         <severity_string dataType="fString">Major</severity_string>
         <type dataType="fInt">55</type>
         <card_index dataType="fInt">1</card_index>
         <port_index dataType="fInt">0</port_index>
         <ts_index dataType="fInt">268</ts_index>
         <name dataType="fString">TS Loss</name>
         <message dataType="fString">TS Loss | Card(1) Port(1) TS(268) | TS=232.38.73.231:39005=; Source IP=0.0.0.0=; Cause=UDP Stream Loss=; </message>
         <detail dataType="fString">TS=232.38.73.231:39005=;Source IP=0.0.0.0=;Cause=UDP Stream Loss=;</detail>
      </alarm_32>
      <alarm_33 dataType="fXml" modelIndex="33">
         <category dataType="fInt">1</category>
         <category_string dataType="fString">Input</category_string>
         <level dataType="fInt">4</level>
         <level_string dataType="fString">Stream</level_string>
         <severity dataType="fInt">2</severity>
         <severity_string dataType="fString">Major</severity_string>
         <type dataType="fInt">55</type>
         <card_index dataType="fInt">3</card_index>
         <port_index dataType="fInt">0</port_index>
         <ts_index dataType="fInt">60</ts_index>
         <name dataType="fString">TS Loss</name>
         <message dataType="fString">TS Loss | Card(3) Port(1) TS(60) | TS=232.40.43.111:20003=; Source IP=0.0.0.0=; Cause=UDP Stream Loss=; </message>
         <detail dataType="fString">TS=232.40.43.111:20003=;Source IP=0.0.0.0=;Cause=UDP Stream Loss=;</detail>
      </alarm_33>
      <alarm_34 dataType="fXml" modelIndex="34">
         <category dataType="fInt">1</category>
         <category_string dataType="fString">Input</category_string>
         <level dataType="fInt">4</level>
         <level_string dataType="fString">Stream</level_string>
         <severity dataType="fInt">2</severity>
         <severity_string dataType="fString">Major</severity_string>
         <type dataType="fInt">7</type>
         <card_index dataType="fInt">1</card_index>
         <port_index dataType="fInt">0</port_index>
         <ts_index dataType="fInt">87</ts_index>
         <name dataType="fString">UDP Stream Loss</name>
         <message dataType="fString">UDP Stream Loss | Card(1) Port(1) TS(87) | TS=232.40.50.254:20004=; Source IP=0.0.0.0=; </message>
         <detail dataType="fString">TS=232.40.50.254:20004=;Source IP=0.0.0.0=;</detail>
      </alarm_34>
      <alarm_35 dataType="fXml" modelIndex="35">
         <category dataType="fInt">1</category>
         <category_string dataType="fString">Input</category_string>
         <level dataType="fInt">4</level>
         <level_string dataType="fString">Stream</level_string>
         <severity dataType="fInt">2</severity>
         <severity_string dataType="fString">Major</severity_string>
         <type dataType="fInt">55</type>
         <card_index dataType="fInt">1</card_index>
         <port_index dataType="fInt">0</port_index>
         <ts_index dataType="fInt">117</ts_index>
         <name dataType="fString">TS Loss</name>
         <message dataType="fString">TS Loss | Card(1) Port(1) TS(117) | TS=232.40.49.217:20002=; Source IP=0.0.0.0=; Cause=UDP Stream Loss=; </message>
         <detail dataType="fString">TS=232.40.49.217:20002=;Source IP=0.0.0.0=;Cause=UDP Stream Loss=;</detail>
      </alarm_35>
      <alarm_36 dataType="fXml" modelIndex="36">
         <category dataType="fInt">1</category>
         <category_string dataType="fString">Input</category_string>
         <level dataType="fInt">4</level>
         <level_string dataType="fString">Stream</level_string>
         <severity dataType="fInt">2</severity>
         <severity_string dataType="fString">Major</severity_string>
         <type dataType="fInt">7</type>
         <card_index dataType="fInt">1</card_index>
         <port_index dataType="fInt">0</port_index>
         <ts_index dataType="fInt">126</ts_index>
         <name dataType="fString">UDP Stream Loss</name>
         <message dataType="fString">UDP Stream Loss | Card(1) Port(1) TS(126) | TS=232.40.50.254:20000=; Source IP=0.0.0.0=; </message>
         <detail dataType="fString">TS=232.40.50.254:20000=;Source IP=0.0.0.0=;</detail>
      </alarm_36>
      <alarm_37 dataType="fXml" modelIndex="37">
         <category dataType="fInt">1</category>
         <category_string dataType="fString">Input</category_string>
         <level dataType="fInt">4</level>
         <level_string dataType="fString">Stream</level_string>
         <severity dataType="fInt">2</severity>
         <severity_string dataType="fString">Major</severity_string>
         <type dataType="fInt">7</type>
         <card_index dataType="fInt">1</card_index>
         <port_index dataType="fInt">0</port_index>
         <ts_index dataType="fInt">268</ts_index>
         <name dataType="fString">UDP Stream Loss</name>
         <message dataType="fString">UDP Stream Loss | Card(1) Port(1) TS(268) | TS=232.38.73.231:39005=; Source IP=0.0.0.0=; </message>
         <detail dataType="fString">TS=232.38.73.231:39005=;Source IP=0.0.0.0=;</detail>
      </alarm_37>
      <alarm_38 dataType="fXml" modelIndex="38">
         <category dataType="fInt">1</category>
         <category_string dataType="fString">Input</category_string>
         <level dataType="fInt">4</level>
         <level_string dataType="fString">Stream</level_string>
         <severity dataType="fInt">2</severity>
         <severity_string dataType="fString">Major</severity_string>
         <type dataType="fInt">7</type>
         <card_index dataType="fInt">3</card_index>
         <port_index dataType="fInt">0</port_index>
         <ts_index dataType="fInt">269</ts_index>
         <name dataType="fString">UDP Stream Loss</name>
         <message dataType="fString">UDP Stream Loss | Card(3) Port(1) TS(269) | TS=232.38.74.222:39005=; Source IP=0.0.0.0=; </message>
         <detail dataType="fString">TS=232.38.74.222:39005=;Source IP=0.0.0.0=;</detail>
      </alarm_38>
      <alarm_39 dataType="fXml" modelIndex="39">
         <category dataType="fInt">1</category>
         <category_string dataType="fString">Input</category_string>
         <level dataType="fInt">4</level>
         <level_string dataType="fString">Stream</level_string>
         <severity dataType="fInt">2</severity>
         <severity_string dataType="fString">Major</severity_string>
         <type dataType="fInt">7</type>
         <card_index dataType="fInt">1</card_index>
         <port_index dataType="fInt">0</port_index>
         <ts_index dataType="fInt">145</ts_index>
         <name dataType="fString">UDP Stream Loss</name>
         <message dataType="fString">UDP Stream Loss | Card(1) Port(1) TS(145) | TS=232.40.49.217:40002=; Source IP=0.0.0.0=; </message>
         <detail dataType="fString">TS=232.40.49.217:40002=;Source IP=0.0.0.0=;</detail>
      </alarm_39>
      <alarm_40 dataType="fXml" modelIndex="40">
         <category dataType="fInt">1</category>
         <category_string dataType="fString">Input</category_string>
         <level dataType="fInt">4</level>
         <level_string dataType="fString">Stream</level_string>
         <severity dataType="fInt">2</severity>
         <severity_string dataType="fString">Major</severity_string>
         <type dataType="fInt">7</type>
         <card_index dataType="fInt">1</card_index>
         <port_index dataType="fInt">0</port_index>
         <ts_index dataType="fInt">70</ts_index>
         <name dataType="fString">UDP Stream Loss</name>
         <message dataType="fString">UDP Stream Loss | Card(1) Port(1) TS(70) | TS=232.40.50.246:40002=; Source IP=0.0.0.0=; </message>
         <detail dataType="fString">TS=232.40.50.246:40002=;Source IP=0.0.0.0=;</detail>
      </alarm_40>
      <alarm_41 dataType="fXml" modelIndex="41">
         <category dataType="fInt">1</category>
         <category_string dataType="fString">Input</category_string>
         <level dataType="fInt">4</level>
         <level_string dataType="fString">Stream</level_string>
         <severity dataType="fInt">2</severity>
         <severity_string dataType="fString">Major</severity_string>
         <type dataType="fInt">55</type>
         <card_index dataType="fInt">3</card_index>
         <port_index dataType="fInt">0</port_index>
         <ts_index dataType="fInt">269</ts_index>
         <name dataType="fString">TS Loss</name>
         <message dataType="fString">TS Loss | Card(3) Port(1) TS(269) | TS=232.38.74.222:39005=; Source IP=0.0.0.0=; Cause=UDP Stream Loss=; </message>
         <detail dataType="fString">TS=232.38.74.222:39005=;Source IP=0.0.0.0=;Cause=UDP Stream Loss=;</detail>
      </alarm_41>
      <alarm_42 dataType="fXml" modelIndex="42">
         <category dataType="fInt">1</category>
         <category_string dataType="fString">Input</category_string>
         <level dataType="fInt">4</level>
         <level_string dataType="fString">Stream</level_string>
         <severity dataType="fInt">2</severity>
         <severity_string dataType="fString">Major</severity_string>
         <type dataType="fInt">7</type>
         <card_index dataType="fInt">1</card_index>
         <port_index dataType="fInt">0</port_index>
         <ts_index dataType="fInt">88</ts_index>
         <name dataType="fString">UDP Stream Loss</name>
         <message dataType="fString">UDP Stream Loss | Card(1) Port(1) TS(88) | TS=232.40.50.246:20003=; Source IP=0.0.0.0=; </message>
         <detail dataType="fString">TS=232.40.50.246:20003=;Source IP=0.0.0.0=;</detail>
      </alarm_42>
      <alarm_43 dataType="fXml" modelIndex="43">
         <category dataType="fInt">1</category>
         <category_string dataType="fString">Input</category_string>
         <level dataType="fInt">4</level>
         <level_string dataType="fString">Stream</level_string>
         <severity dataType="fInt">2</severity>
         <severity_string dataType="fString">Major</severity_string>
         <type dataType="fInt">7</type>
         <card_index dataType="fInt">1</card_index>
         <port_index dataType="fInt">0</port_index>
         <ts_index dataType="fInt">270</ts_index>
         <name dataType="fString">UDP Stream Loss</name>
         <message dataType="fString">UDP Stream Loss | Card(1) Port(1) TS(270) | TS=232.38.74.13:39005=; Source IP=0.0.0.0=; </message>
         <detail dataType="fString">TS=232.38.74.13:39005=;Source IP=0.0.0.0=;</detail>
      </alarm_43>
      <alarm_44 dataType="fXml" modelIndex="44">
         <category dataType="fInt">1</category>
         <category_string dataType="fString">Input</category_string>
         <level dataType="fInt">4</level>
         <level_string dataType="fString">Stream</level_string>
         <severity dataType="fInt">2</severity>
         <severity_string dataType="fString">Major</severity_string>
         <type dataType="fInt">7</type>
         <card_index dataType="fInt">3</card_index>
         <port_index dataType="fInt">0</port_index>
         <ts_index dataType="fInt">275</ts_index>
         <name dataType="fString">UDP Stream Loss</name>
         <message dataType="fString">UDP Stream Loss | Card(3) Port(1) TS(275) | TS=232.38.72.128:39005=; Source IP=0.0.0.0=; </message>
         <detail dataType="fString">TS=232.38.72.128:39005=;Source IP=0.0.0.0=;</detail>
      </alarm_44>
      <alarm_45 dataType="fXml" modelIndex="45">
         <category dataType="fInt">1</category>
         <category_string dataType="fString">Input</category_string>
         <level dataType="fInt">4</level>
         <level_string dataType="fString">Stream</level_string>
         <severity dataType="fInt">2</severity>
         <severity_string dataType="fString">Major</severity_string>
         <type dataType="fInt">7</type>
         <card_index dataType="fInt">3</card_index>
         <port_index dataType="fInt">0</port_index>
         <ts_index dataType="fInt">276</ts_index>
         <name dataType="fString">UDP Stream Loss</name>
         <message dataType="fString">UDP Stream Loss | Card(3) Port(1) TS(276) | TS=232.38.72.137:39005=; Source IP=0.0.0.0=; </message>
         <detail dataType="fString">TS=232.38.72.137:39005=;Source IP=0.0.0.0=;</detail>
      </alarm_45>
      <alarm_46 dataType="fXml" modelIndex="46">
         <category dataType="fInt">1</category>
         <category_string dataType="fString">Input</category_string>
         <level dataType="fInt">4</level>
         <level_string dataType="fString">Stream</level_string>
         <severity dataType="fInt">2</severity>
         <severity_string dataType="fString">Major</severity_string>
         <type dataType="fInt">55</type>
         <card_index dataType="fInt">1</card_index>
         <port_index dataType="fInt">0</port_index>
         <ts_index dataType="fInt">92</ts_index>
         <name dataType="fString">TS Loss</name>
         <message dataType="fString">TS Loss | Card(1) Port(1) TS(92) | TS=232.40.50.254:20001=; Source IP=0.0.0.0=; Cause=UDP Stream Loss=; </message>
         <detail dataType="fString">TS=232.40.50.254:20001=;Source IP=0.0.0.0=;Cause=UDP Stream Loss=;</detail>
      </alarm_46>
      <alarm_47 dataType="fXml" modelIndex="47">
         <category dataType="fInt">1</category>
         <category_string dataType="fString">Input</category_string>
         <level dataType="fInt">4</level>
         <level_string dataType="fString">Stream</level_string>
         <severity dataType="fInt">2</severity>
         <severity_string dataType="fString">Major</severity_string>
         <type dataType="fInt">55</type>
         <card_index dataType="fInt">3</card_index>
         <port_index dataType="fInt">0</port_index>
         <ts_index dataType="fInt">99</ts_index>
         <name dataType="fString">TS Loss</name>
         <message dataType="fString">TS Loss | Card(3) Port(1) TS(99) | TS=232.40.43.111:20001=; Source IP=0.0.0.0=; Cause=UDP Stream Loss=; </message>
         <detail dataType="fString">TS=232.40.43.111:20001=;Source IP=0.0.0.0=;Cause=UDP Stream Loss=;</detail>
      </alarm_47>
      <alarm_48 dataType="fXml" modelIndex="48">
         <category dataType="fInt">1</category>
         <category_string dataType="fString">Input</category_string>
         <level dataType="fInt">4</level>
         <level_string dataType="fString">Stream</level_string>
         <severity dataType="fInt">2</severity>
         <severity_string dataType="fString">Major</severity_string>
         <type dataType="fInt">7</type>
         <card_index dataType="fInt">3</card_index>
         <port_index dataType="fInt">0</port_index>
         <ts_index dataType="fInt">277</ts_index>
         <name dataType="fString">UDP Stream Loss</name>
         <message dataType="fString">UDP Stream Loss | Card(3) Port(1) TS(277) | TS=232.38.72.134:39005=; Source IP=0.0.0.0=; </message>
         <detail dataType="fString">TS=232.38.72.134:39005=;Source IP=0.0.0.0=;</detail>
      </alarm_48>
      <alarm_49 dataType="fXml" modelIndex="49">
         <category dataType="fInt">1</category>
         <category_string dataType="fString">Input</category_string>
         <level dataType="fInt">4</level>
         <level_string dataType="fString">Stream</level_string>
         <severity dataType="fInt">2</severity>
         <severity_string dataType="fString">Major</severity_string>
         <type dataType="fInt">55</type>
         <card_index dataType="fInt">1</card_index>
         <port_index dataType="fInt">0</port_index>
         <ts_index dataType="fInt">85</ts_index>
         <name dataType="fString">TS Loss</name>
         <message dataType="fString">TS Loss | Card(1) Port(1) TS(85) | TS=232.40.50.254:40002=; Source IP=0.0.0.0=; Cause=UDP Stream Loss=; </message>
         <detail dataType="fString">TS=232.40.50.254:40002=;Source IP=0.0.0.0=;Cause=UDP Stream Loss=;</detail>
      </alarm_49>
      <alarm_50 dataType="fXml" modelIndex="50">
         <category dataType="fInt">1</category>
         <category_string dataType="fString">Input</category_string>
         <level dataType="fInt">4</level>
         <level_string dataType="fString">Stream</level_string>
         <severity dataType="fInt">2</severity>
         <severity_string dataType="fString">Major</severity_string>
         <type dataType="fInt">55</type>
         <card_index dataType="fInt">1</card_index>
         <port_index dataType="fInt">0</port_index>
         <ts_index dataType="fInt">150</ts_index>
         <name dataType="fString">TS Loss</name>
         <message dataType="fString">TS Loss | Card(1) Port(1) TS(150) | TS=232.40.50.250:20002=; Source IP=0.0.0.0=; Cause=UDP Stream Loss=; </message>
         <detail dataType="fString">TS=232.40.50.250:20002=;Source IP=0.0.0.0=;Cause=UDP Stream Loss=;</detail>
      </alarm_50>
      <alarm_51 dataType="fXml" modelIndex="51">
         <category dataType="fInt">1</category>
         <category_string dataType="fString">Input</category_string>
         <level dataType="fInt">4</level>
         <level_string dataType="fString">Stream</level_string>
         <severity dataType="fInt">2</severity>
         <severity_string dataType="fString">Major</severity_string>
         <type dataType="fInt">7</type>
         <card_index dataType="fInt">1</card_index>
         <port_index dataType="fInt">0</port_index>
         <ts_index dataType="fInt">85</ts_index>
         <name dataType="fString">UDP Stream Loss</name>
         <message dataType="fString">UDP Stream Loss | Card(1) Port(1) TS(85) | TS=232.40.50.254:40002=; Source IP=0.0.0.0=; </message>
         <detail dataType="fString">TS=232.40.50.254:40002=;Source IP=0.0.0.0=;</detail>
      </alarm_51>
      <alarm_52 dataType="fXml" modelIndex="52">
         <category dataType="fInt">0</category>
         <category_string dataType="fString">Other</category_string>
         <level dataType="fInt">3</level>
         <level_string dataType="fString">Port</level_string>
         <severity dataType="fInt">2</severity>
         <severity_string dataType="fString">Major</severity_string>
         <type dataType="fInt">4</type>
         <card_index dataType="fInt">4</card_index>
         <port_index dataType="fInt">3</port_index>
         <name dataType="fString">Link Loss</name>
         <message dataType="fString">Link Loss | Card(4) Port(4)</message>
         <detail dataType="fString"/>
      </alarm_52>
      <alarm_53 dataType="fXml" modelIndex="53">
         <category dataType="fInt">1</category>
         <category_string dataType="fString">Input</category_string>
         <level dataType="fInt">4</level>
         <level_string dataType="fString">Stream</level_string>
         <severity dataType="fInt">2</severity>
         <severity_string dataType="fString">Major</severity_string>
         <type dataType="fInt">55</type>
         <card_index dataType="fInt">4</card_index>
         <port_index dataType="fInt">2</port_index>
         <ts_index dataType="fInt">103</ts_index>
         <name dataType="fString">TS Loss</name>
         <message dataType="fString">TS Loss | Card(4) Port(3) TS(103) | TS=232.38.74.227:10000=; Source IP=96.111.79.47=; Cause=UDP Stream Loss=; </message>
         <detail dataType="fString">TS=232.38.74.227:10000=;Source IP=96.111.79.47=;Cause=UDP Stream Loss=;</detail>
      </alarm_53>
      <alarm_54 dataType="fXml" modelIndex="54">
         <category dataType="fInt">1</category>
         <category_string dataType="fString">Input</category_string>
         <level dataType="fInt">4</level>
         <level_string dataType="fString">Stream</level_string>
         <severity dataType="fInt">2</severity>
         <severity_string dataType="fString">Major</severity_string>
         <type dataType="fInt">55</type>
         <card_index dataType="fInt">1</card_index>
         <port_index dataType="fInt">0</port_index>
         <ts_index dataType="fInt">97</ts_index>
         <name dataType="fString">TS Loss</name>
         <message dataType="fString">TS Loss | Card(1) Port(1) TS(97) | TS=232.40.50.250:40000=; Source IP=0.0.0.0=; Cause=UDP Stream Loss=; </message>
         <detail dataType="fString">TS=232.40.50.250:40000=;Source IP=0.0.0.0=;Cause=UDP Stream Loss=;</detail>
      </alarm_54>
      <alarm_55 dataType="fXml" modelIndex="55">
         <category dataType="fInt">1</category>
         <category_string dataType="fString">Input</category_string>
         <level dataType="fInt">4</level>
         <level_string dataType="fString">Stream</level_string>
         <severity dataType="fInt">2</severity>
         <severity_string dataType="fString">Major</severity_string>
         <type dataType="fInt">55</type>
         <card_index dataType="fInt">1</card_index>
         <port_index dataType="fInt">0</port_index>
         <ts_index dataType="fInt">134</ts_index>
         <name dataType="fString">TS Loss</name>
         <message dataType="fString">TS Loss | Card(1) Port(1) TS(134) | TS=232.40.50.250:40001=; Source IP=0.0.0.0=; Cause=UDP Stream Loss=; </message>
         <detail dataType="fString">TS=232.40.50.250:40001=;Source IP=0.0.0.0=;Cause=UDP Stream Loss=;</detail>
      </alarm_55>
      <alarm_56 dataType="fXml" modelIndex="56">
         <category dataType="fInt">1</category>
         <category_string dataType="fString">Input</category_string>
         <level dataType="fInt">4</level>
         <level_string dataType="fString">Stream</level_string>
         <severity dataType="fInt">2</severity>
         <severity_string dataType="fString">Major</severity_string>
         <type dataType="fInt">55</type>
         <card_index dataType="fInt">3</card_index>
         <port_index dataType="fInt">0</port_index>
         <ts_index dataType="fInt">276</ts_index>
         <name dataType="fString">TS Loss</name>
         <message dataType="fString">TS Loss | Card(3) Port(1) TS(276) | TS=232.38.72.137:39005=; Source IP=0.0.0.0=; Cause=UDP Stream Loss=; </message>
         <detail dataType="fString">TS=232.38.72.137:39005=;Source IP=0.0.0.0=;Cause=UDP Stream Loss=;</detail>
      </alarm_56>
      <alarm_57 dataType="fXml" modelIndex="57">
         <category dataType="fInt">0</category>
         <category_string dataType="fString">Other</category_string>
         <level dataType="fInt">3</level>
         <level_string dataType="fString">Port</level_string>
         <severity dataType="fInt">2</severity>
         <severity_string dataType="fString">Major</severity_string>
         <type dataType="fInt">4</type>
         <card_index dataType="fInt">3</card_index>
         <port_index dataType="fInt">3</port_index>
         <name dataType="fString">Link Loss</name>
         <message dataType="fString">Link Loss | Card(3) Port(4)</message>
         <detail dataType="fString"/>
      </alarm_57>
      <alarm_58 dataType="fXml" modelIndex="58">
         <category dataType="fInt">1</category>
         <category_string dataType="fString">Input</category_string>
         <level dataType="fInt">4</level>
         <level_string dataType="fString">Stream</level_string>
         <severity dataType="fInt">2</severity>
         <severity_string dataType="fString">Major</severity_string>
         <type dataType="fInt">7</type>
         <card_index dataType="fInt">1</card_index>
         <port_index dataType="fInt">0</port_index>
         <ts_index dataType="fInt">287</ts_index>
         <name dataType="fString">UDP Stream Loss</name>
         <message dataType="fString">UDP Stream Loss | Card(1) Port(1) TS(287) | TS=232.38.74.4:39005=; Source IP=0.0.0.0=; </message>
         <detail dataType="fString">TS=232.38.74.4:39005=;Source IP=0.0.0.0=;</detail>
      </alarm_58>
      <alarm_59 dataType="fXml" modelIndex="59">
         <category dataType="fInt">1</category>
         <category_string dataType="fString">Input</category_string>
         <level dataType="fInt">4</level>
         <level_string dataType="fString">Stream</level_string>
         <severity dataType="fInt">2</severity>
         <severity_string dataType="fString">Major</severity_string>
         <type dataType="fInt">7</type>
         <card_index dataType="fInt">3</card_index>
         <port_index dataType="fInt">0</port_index>
         <ts_index dataType="fInt">75</ts_index>
         <name dataType="fString">UDP Stream Loss</name>
         <message dataType="fString">UDP Stream Loss | Card(3) Port(1) TS(75) | TS=232.40.43.111:40001=; Source IP=0.0.0.0=; </message>
         <detail dataType="fString">TS=232.40.43.111:40001=;Source IP=0.0.0.0=;</detail>
      </alarm_59>
      <alarm_60 dataType="fXml" modelIndex="60">
         <category dataType="fInt">0</category>
         <category_string dataType="fString">Other</category_string>
         <level dataType="fInt">3</level>
         <level_string dataType="fString">Port</level_string>
         <severity dataType="fInt">2</severity>
         <severity_string dataType="fString">Major</severity_string>
         <type dataType="fInt">4</type>
         <card_index dataType="fInt">1</card_index>
         <port_index dataType="fInt">1</port_index>
         <name dataType="fString">Link Loss</name>
         <message dataType="fString">Link Loss | Card(1) Port(2)</message>
         <detail dataType="fString"/>
      </alarm_60>
      <alarm_61 dataType="fXml" modelIndex="61">
         <category dataType="fInt">1</category>
         <category_string dataType="fString">Input</category_string>
         <level dataType="fInt">4</level>
         <level_string dataType="fString">Stream</level_string>
         <severity dataType="fInt">2</severity>
         <severity_string dataType="fString">Major</severity_string>
         <type dataType="fInt">55</type>
         <card_index dataType="fInt">3</card_index>
         <port_index dataType="fInt">0</port_index>
         <ts_index dataType="fInt">270</ts_index>
         <name dataType="fString">TS Loss</name>
         <message dataType="fString">TS Loss | Card(3) Port(1) TS(270) | TS=232.38.74.159:39005=; Source IP=0.0.0.0=; Cause=UDP Stream Loss=; </message>
         <detail dataType="fString">TS=232.38.74.159:39005=;Source IP=0.0.0.0=;Cause=UDP Stream Loss=;</detail>
      </alarm_61>
      <alarm_62 dataType="fXml" modelIndex="62">
         <category dataType="fInt">1</category>
         <category_string dataType="fString">Input</category_string>
         <level dataType="fInt">4</level>
         <level_string dataType="fString">Stream</level_string>
         <severity dataType="fInt">2</severity>
         <severity_string dataType="fString">Major</severity_string>
         <type dataType="fInt">55</type>
         <card_index dataType="fInt">1</card_index>
         <port_index dataType="fInt">0</port_index>
         <ts_index dataType="fInt">74</ts_index>
         <name dataType="fString">TS Loss</name>
         <message dataType="fString">TS Loss | Card(1) Port(1) TS(74) | TS=232.40.50.246:20001=; Source IP=0.0.0.0=; Cause=UDP Stream Loss=; </message>
         <detail dataType="fString">TS=232.40.50.246:20001=;Source IP=0.0.0.0=;Cause=UDP Stream Loss=;</detail>
      </alarm_62>
      <alarm_63 dataType="fXml" modelIndex="63">
         <category dataType="fInt">1</category>
         <category_string dataType="fString">Input</category_string>
         <level dataType="fInt">4</level>
         <level_string dataType="fString">Stream</level_string>
         <severity dataType="fInt">2</severity>
         <severity_string dataType="fString">Major</severity_string>
         <type dataType="fInt">7</type>
         <card_index dataType="fInt">1</card_index>
         <port_index dataType="fInt">0</port_index>
         <ts_index dataType="fInt">111</ts_index>
         <name dataType="fString">UDP Stream Loss</name>
         <message dataType="fString">UDP Stream Loss | Card(1) Port(1) TS(111) | TS=232.40.49.217:20000=; Source IP=0.0.0.0=; </message>
         <detail dataType="fString">TS=232.40.49.217:20000=;Source IP=0.0.0.0=;</detail>
      </alarm_63>
      <alarm_64 dataType="fXml" modelIndex="64">
         <category dataType="fInt">1</category>
         <category_string dataType="fString">Input</category_string>
         <level dataType="fInt">4</level>
         <level_string dataType="fString">Stream</level_string>
         <severity dataType="fInt">2</severity>
         <severity_string dataType="fString">Major</severity_string>
         <type dataType="fInt">7</type>
         <card_index dataType="fInt">1</card_index>
         <port_index dataType="fInt">0</port_index>
         <ts_index dataType="fInt">148</ts_index>
         <name dataType="fString">UDP Stream Loss</name>
         <message dataType="fString">UDP Stream Loss | Card(1) Port(1) TS(148) | TS=232.40.50.246:40001=; Source IP=0.0.0.0=; </message>
         <detail dataType="fString">TS=232.40.50.246:40001=;Source IP=0.0.0.0=;</detail>
      </alarm_64>
      <alarm_65 dataType="fXml" modelIndex="65">
         <category dataType="fInt">1</category>
         <category_string dataType="fString">Input</category_string>
         <level dataType="fInt">4</level>
         <level_string dataType="fString">Stream</level_string>
         <severity dataType="fInt">2</severity>
         <severity_string dataType="fString">Major</severity_string>
         <type dataType="fInt">7</type>
         <card_index dataType="fInt">1</card_index>
         <port_index dataType="fInt">0</port_index>
         <ts_index dataType="fInt">150</ts_index>
         <name dataType="fString">UDP Stream Loss</name>
         <message dataType="fString">UDP Stream Loss | Card(1) Port(1) TS(150) | TS=232.40.50.250:20002=; Source IP=0.0.0.0=; </message>
         <detail dataType="fString">TS=232.40.50.250:20002=;Source IP=0.0.0.0=;</detail>
      </alarm_65>
      <alarm_66 dataType="fXml" modelIndex="66">
         <category dataType="fInt">1</category>
         <category_string dataType="fString">Input</category_string>
         <level dataType="fInt">4</level>
         <level_string dataType="fString">Stream</level_string>
         <severity dataType="fInt">2</severity>
         <severity_string dataType="fString">Major</severity_string>
         <type dataType="fInt">7</type>
         <card_index dataType="fInt">3</card_index>
         <port_index dataType="fInt">0</port_index>
         <ts_index dataType="fInt">272</ts_index>
         <name dataType="fString">UDP Stream Loss</name>
         <message dataType="fString">UDP Stream Loss | Card(3) Port(1) TS(272) | TS=232.40.43.111:20005=; Source IP=0.0.0.0=; </message>
         <detail dataType="fString">TS=232.40.43.111:20005=;Source IP=0.0.0.0=;</detail>
      </alarm_66>
      <alarm_67 dataType="fXml" modelIndex="67">
         <category dataType="fInt">1</category>
         <category_string dataType="fString">Input</category_string>
         <level dataType="fInt">4</level>
         <level_string dataType="fString">Stream</level_string>
         <severity dataType="fInt">2</severity>
         <severity_string dataType="fString">Major</severity_string>
         <type dataType="fInt">55</type>
         <card_index dataType="fInt">3</card_index>
         <port_index dataType="fInt">0</port_index>
         <ts_index dataType="fInt">90</ts_index>
         <name dataType="fString">TS Loss</name>
         <message dataType="fString">TS Loss | Card(3) Port(1) TS(90) | TS=232.40.43.111:40002=; Source IP=0.0.0.0=; Cause=UDP Stream Loss=; </message>
         <detail dataType="fString">TS=232.40.43.111:40002=;Source IP=0.0.0.0=;Cause=UDP Stream Loss=;</detail>
      </alarm_67>
      <alarm_68 dataType="fXml" modelIndex="68">
         <category dataType="fInt">1</category>
         <category_string dataType="fString">Input</category_string>
         <level dataType="fInt">4</level>
         <level_string dataType="fString">Stream</level_string>
         <severity dataType="fInt">2</severity>
         <severity_string dataType="fString">Major</severity_string>
         <type dataType="fInt">55</type>
         <card_index dataType="fInt">1</card_index>
         <port_index dataType="fInt">0</port_index>
         <ts_index dataType="fInt">133</ts_index>
         <name dataType="fString">TS Loss</name>
         <message dataType="fString">TS Loss | Card(1) Port(1) TS(133) | TS=232.40.50.254:40001=; Source IP=0.0.0.0=; Cause=UDP Stream Loss=; </message>
         <detail dataType="fString">TS=232.40.50.254:40001=;Source IP=0.0.0.0=;Cause=UDP Stream Loss=;</detail>
      </alarm_68>
      <alarm_69 dataType="fXml" modelIndex="69">
         <category dataType="fInt">1</category>
         <category_string dataType="fString">Input</category_string>
         <level dataType="fInt">4</level>
         <level_string dataType="fString">Stream</level_string>
         <severity dataType="fInt">2</severity>
         <severity_string dataType="fString">Major</severity_string>
         <type dataType="fInt">7</type>
         <card_index dataType="fInt">3</card_index>
         <port_index dataType="fInt">0</port_index>
         <ts_index dataType="fInt">281</ts_index>
         <name dataType="fString">UDP Stream Loss</name>
         <message dataType="fString">UDP Stream Loss | Card(3) Port(1) TS(281) | TS=232.43.237.62:20005=; Source IP=0.0.0.0=; </message>
         <detail dataType="fString">TS=232.43.237.62:20005=;Source IP=0.0.0.0=;</detail>
      </alarm_69>
      <alarm_70 dataType="fXml" modelIndex="70">
         <category dataType="fInt">1</category>
         <category_string dataType="fString">Input</category_string>
         <level dataType="fInt">4</level>
         <level_string dataType="fString">Stream</level_string>
         <severity dataType="fInt">2</severity>
         <severity_string dataType="fString">Major</severity_string>
         <type dataType="fInt">55</type>
         <card_index dataType="fInt">1</card_index>
         <port_index dataType="fInt">0</port_index>
         <ts_index dataType="fInt">88</ts_index>
         <name dataType="fString">TS Loss</name>
         <message dataType="fString">TS Loss | Card(1) Port(1) TS(88) | TS=232.40.50.246:20003=; Source IP=0.0.0.0=; Cause=UDP Stream Loss=; </message>
         <detail dataType="fString">TS=232.40.50.246:20003=;Source IP=0.0.0.0=;Cause=UDP Stream Loss=;</detail>
      </alarm_70>
      <alarm_71 dataType="fXml" modelIndex="71">
         <category dataType="fInt">1</category>
         <category_string dataType="fString">Input</category_string>
         <level dataType="fInt">4</level>
         <level_string dataType="fString">Stream</level_string>
         <severity dataType="fInt">2</severity>
         <severity_string dataType="fString">Major</severity_string>
         <type dataType="fInt">55</type>
         <card_index dataType="fInt">1</card_index>
         <port_index dataType="fInt">0</port_index>
         <ts_index dataType="fInt">148</ts_index>
         <name dataType="fString">TS Loss</name>
         <message dataType="fString">TS Loss | Card(1) Port(1) TS(148) | TS=232.40.50.246:40001=; Source IP=0.0.0.0=; Cause=UDP Stream Loss=; </message>
         <detail dataType="fString">TS=232.40.50.246:40001=;Source IP=0.0.0.0=;Cause=UDP Stream Loss=;</detail>
      </alarm_71>
      <alarm_72 dataType="fXml" modelIndex="72">
         <category dataType="fInt">1</category>
         <category_string dataType="fString">Input</category_string>
         <level dataType="fInt">4</level>
         <level_string dataType="fString">Stream</level_string>
         <severity dataType="fInt">2</severity>
         <severity_string dataType="fString">Major</severity_string>
         <type dataType="fInt">55</type>
         <card_index dataType="fInt">1</card_index>
         <port_index dataType="fInt">0</port_index>
         <ts_index dataType="fInt">143</ts_index>
         <name dataType="fString">TS Loss</name>
         <message dataType="fString">TS Loss | Card(1) Port(1) TS(143) | TS=232.40.50.254:40000=; Source IP=0.0.0.0=; Cause=UDP Stream Loss=; </message>
         <detail dataType="fString">TS=232.40.50.254:40000=;Source IP=0.0.0.0=;Cause=UDP Stream Loss=;</detail>
      </alarm_72>
      <alarm_73 dataType="fXml" modelIndex="73">
         <category dataType="fInt">1</category>
         <category_string dataType="fString">Input</category_string>
         <level dataType="fInt">4</level>
         <level_string dataType="fString">Stream</level_string>
         <severity dataType="fInt">2</severity>
         <severity_string dataType="fString">Major</severity_string>
         <type dataType="fInt">55</type>
         <card_index dataType="fInt">1</card_index>
         <port_index dataType="fInt">0</port_index>
         <ts_index dataType="fInt">287</ts_index>
         <name dataType="fString">TS Loss</name>
         <message dataType="fString">TS Loss | Card(1) Port(1) TS(287) | TS=232.38.74.4:39005=; Source IP=0.0.0.0=; Cause=UDP Stream Loss=; </message>
         <detail dataType="fString">TS=232.38.74.4:39005=;Source IP=0.0.0.0=;Cause=UDP Stream Loss=;</detail>
      </alarm_73>
      <alarm_74 dataType="fXml" modelIndex="74">
         <category dataType="fInt">1</category>
         <category_string dataType="fString">Input</category_string>
         <level dataType="fInt">4</level>
         <level_string dataType="fString">Stream</level_string>
         <severity dataType="fInt">2</severity>
         <severity_string dataType="fString">Major</severity_string>
         <type dataType="fInt">7</type>
         <card_index dataType="fInt">1</card_index>
         <port_index dataType="fInt">0</port_index>
         <ts_index dataType="fInt">134</ts_index>
         <name dataType="fString">UDP Stream Loss</name>
         <message dataType="fString">UDP Stream Loss | Card(1) Port(1) TS(134) | TS=232.40.50.250:40001=; Source IP=0.0.0.0=; </message>
         <detail dataType="fString">TS=232.40.50.250:40001=;Source IP=0.0.0.0=;</detail>
      </alarm_74>
      <alarm_75 dataType="fXml" modelIndex="75">
         <category dataType="fInt">1</category>
         <category_string dataType="fString">Input</category_string>
         <level dataType="fInt">4</level>
         <level_string dataType="fString">Stream</level_string>
         <severity dataType="fInt">2</severity>
         <severity_string dataType="fString">Major</severity_string>
         <type dataType="fInt">7</type>
         <card_index dataType="fInt">3</card_index>
         <port_index dataType="fInt">0</port_index>
         <ts_index dataType="fInt">103</ts_index>
         <name dataType="fString">UDP Stream Loss</name>
         <message dataType="fString">UDP Stream Loss | Card(3) Port(1) TS(103) | TS=232.40.43.111:40000=; Source IP=0.0.0.0=; </message>
         <detail dataType="fString">TS=232.40.43.111:40000=;Source IP=0.0.0.0=;</detail>
      </alarm_75>
      <alarm_76 dataType="fXml" modelIndex="76">
         <category dataType="fInt">1</category>
         <category_string dataType="fString">Input</category_string>
         <level dataType="fInt">4</level>
         <level_string dataType="fString">Stream</level_string>
         <severity dataType="fInt">2</severity>
         <severity_string dataType="fString">Major</severity_string>
         <type dataType="fInt">55</type>
         <card_index dataType="fInt">3</card_index>
         <port_index dataType="fInt">0</port_index>
         <ts_index dataType="fInt">274</ts_index>
         <name dataType="fString">TS Loss</name>
         <message dataType="fString">TS Loss | Card(3) Port(1) TS(274) | TS=232.38.72.122:39005=; Source IP=0.0.0.0=; Cause=UDP Stream Loss=; </message>
         <detail dataType="fString">TS=232.38.72.122:39005=;Source IP=0.0.0.0=;Cause=UDP Stream Loss=;</detail>
      </alarm_76>
      <alarm_77 dataType="fXml" modelIndex="77">
         <category dataType="fInt">1</category>
         <category_string dataType="fString">Input</category_string>
         <level dataType="fInt">4</level>
         <level_string dataType="fString">Stream</level_string>
         <severity dataType="fInt">2</severity>
         <severity_string dataType="fString">Major</severity_string>
         <type dataType="fInt">7</type>
         <card_index dataType="fInt">3</card_index>
         <port_index dataType="fInt">0</port_index>
         <ts_index dataType="fInt">90</ts_index>
         <name dataType="fString">UDP Stream Loss</name>
         <message dataType="fString">UDP Stream Loss | Card(3) Port(1) TS(90) | TS=232.40.43.111:40002=; Source IP=0.0.0.0=; </message>
         <detail dataType="fString">TS=232.40.43.111:40002=;Source IP=0.0.0.0=;</detail>
      </alarm_77>
      <alarm_78 dataType="fXml" modelIndex="78">
         <category dataType="fInt">1</category>
         <category_string dataType="fString">Input</category_string>
         <level dataType="fInt">4</level>
         <level_string dataType="fString">Stream</level_string>
         <severity dataType="fInt">2</severity>
         <severity_string dataType="fString">Major</severity_string>
         <type dataType="fInt">7</type>
         <card_index dataType="fInt">4</card_index>
         <port_index dataType="fInt">2</port_index>
         <ts_index dataType="fInt">108</ts_index>
         <name dataType="fString">UDP Stream Loss</name>
         <message dataType="fString">UDP Stream Loss | Card(4) Port(3) TS(108) | TS=232.38.79.94:40000=; Source IP=96.111.65.114=; </message>
         <detail dataType="fString">TS=232.38.79.94:40000=;Source IP=96.111.65.114=;</detail>
      </alarm_78>
      <alarm_79 dataType="fXml" modelIndex="79">
         <category dataType="fInt">1</category>
         <category_string dataType="fString">Input</category_string>
         <level dataType="fInt">4</level>
         <level_string dataType="fString">Stream</level_string>
         <severity dataType="fInt">2</severity>
         <severity_string dataType="fString">Major</severity_string>
         <type dataType="fInt">7</type>
         <card_index dataType="fInt">4</card_index>
         <port_index dataType="fInt">2</port_index>
         <ts_index dataType="fInt">124</ts_index>
         <name dataType="fString">UDP Stream Loss</name>
         <message dataType="fString">UDP Stream Loss | Card(4) Port(3) TS(124) | TS=232.38.79.92:40000=; Source IP=96.111.65.114=; </message>
         <detail dataType="fString">TS=232.38.79.92:40000=;Source IP=96.111.65.114=;</detail>
      </alarm_79>
      <alarm_80 dataType="fXml" modelIndex="80">
         <category dataType="fInt">1</category>
         <category_string dataType="fString">Input</category_string>
         <level dataType="fInt">4</level>
         <level_string dataType="fString">Stream</level_string>
         <severity dataType="fInt">2</severity>
         <severity_string dataType="fString">Major</severity_string>
         <type dataType="fInt">55</type>
         <card_index dataType="fInt">3</card_index>
         <port_index dataType="fInt">0</port_index>
         <ts_index dataType="fInt">272</ts_index>
         <name dataType="fString">TS Loss</name>
         <message dataType="fString">TS Loss | Card(3) Port(1) TS(272) | TS=232.40.43.111:20005=; Source IP=0.0.0.0=; Cause=UDP Stream Loss=; </message>
         <detail dataType="fString">TS=232.40.43.111:20005=;Source IP=0.0.0.0=;Cause=UDP Stream Loss=;</detail>
      </alarm_80>
      <alarm_81 dataType="fXml" modelIndex="81">
         <category dataType="fInt">1</category>
         <category_string dataType="fString">Input</category_string>
         <level dataType="fInt">4</level>
         <level_string dataType="fString">Stream</level_string>
         <severity dataType="fInt">2</severity>
         <severity_string dataType="fString">Major</severity_string>
         <type dataType="fInt">55</type>
         <card_index dataType="fInt">3</card_index>
         <port_index dataType="fInt">0</port_index>
         <ts_index dataType="fInt">278</ts_index>
         <name dataType="fString">TS Loss</name>
         <message dataType="fString">TS Loss | Card(3) Port(1) TS(278) | TS=232.38.72.104:39005=; Source IP=0.0.0.0=; Cause=UDP Stream Loss=; </message>
         <detail dataType="fString">TS=232.38.72.104:39005=;Source IP=0.0.0.0=;Cause=UDP Stream Loss=;</detail>
      </alarm_81>
      <alarm_82 dataType="fXml" modelIndex="82">
         <category dataType="fInt">1</category>
         <category_string dataType="fString">Input</category_string>
         <level dataType="fInt">4</level>
         <level_string dataType="fString">Stream</level_string>
         <severity dataType="fInt">2</severity>
         <severity_string dataType="fString">Major</severity_string>
         <type dataType="fInt">55</type>
         <card_index dataType="fInt">3</card_index>
         <port_index dataType="fInt">0</port_index>
         <ts_index dataType="fInt">275</ts_index>
         <name dataType="fString">TS Loss</name>
         <message dataType="fString">TS Loss | Card(3) Port(1) TS(275) | TS=232.38.72.128:39005=; Source IP=0.0.0.0=; Cause=UDP Stream Loss=; </message>
         <detail dataType="fString">TS=232.38.72.128:39005=;Source IP=0.0.0.0=;Cause=UDP Stream Loss=;</detail>
      </alarm_82>
      <alarm_83 dataType="fXml" modelIndex="83">
         <category dataType="fInt">1</category>
         <category_string dataType="fString">Input</category_string>
         <level dataType="fInt">4</level>
         <level_string dataType="fString">Stream</level_string>
         <severity dataType="fInt">2</severity>
         <severity_string dataType="fString">Major</severity_string>
         <type dataType="fInt">55</type>
         <card_index dataType="fInt">1</card_index>
         <port_index dataType="fInt">0</port_index>
         <ts_index dataType="fInt">119</ts_index>
         <name dataType="fString">TS Loss</name>
         <message dataType="fString">TS Loss | Card(1) Port(1) TS(119) | TS=232.40.50.250:20001=; Source IP=0.0.0.0=; Cause=UDP Stream Loss=; </message>
         <detail dataType="fString">TS=232.40.50.250:20001=;Source IP=0.0.0.0=;Cause=UDP Stream Loss=;</detail>
      </alarm_83>
      <alarm_84 dataType="fXml" modelIndex="84">
         <category dataType="fInt">1</category>
         <category_string dataType="fString">Input</category_string>
         <level dataType="fInt">4</level>
         <level_string dataType="fString">Stream</level_string>
         <severity dataType="fInt">2</severity>
         <severity_string dataType="fString">Major</severity_string>
         <type dataType="fInt">7</type>
         <card_index dataType="fInt">3</card_index>
         <port_index dataType="fInt">0</port_index>
         <ts_index dataType="fInt">267</ts_index>
         <name dataType="fString">UDP Stream Loss</name>
         <message dataType="fString">UDP Stream Loss | Card(3) Port(1) TS(267) | TS=232.38.74.204:39005=; Source IP=0.0.0.0=; </message>
         <detail dataType="fString">TS=232.38.74.204:39005=;Source IP=0.0.0.0=;</detail>
      </alarm_84>
      <alarm_85 dataType="fXml" modelIndex="85">
         <category dataType="fInt">1</category>
         <category_string dataType="fString">Input</category_string>
         <level dataType="fInt">4</level>
         <level_string dataType="fString">Stream</level_string>
         <severity dataType="fInt">2</severity>
         <severity_string dataType="fString">Major</severity_string>
         <type dataType="fInt">55</type>
         <card_index dataType="fInt">4</card_index>
         <port_index dataType="fInt">2</port_index>
         <ts_index dataType="fInt">230</ts_index>
         <name dataType="fString">TS Loss</name>
         <message dataType="fString">TS Loss | Card(4) Port(3) TS(230) | TS=232.39.68.242:10000=; Source IP=96.111.60.149=; Cause=UDP Stream Loss=; </message>
         <detail dataType="fString">TS=232.39.68.242:10000=;Source IP=96.111.60.149=;Cause=UDP Stream Loss=;</detail>
      </alarm_85>
      <alarm_86 dataType="fXml" modelIndex="86">
         <category dataType="fInt">1</category>
         <category_string dataType="fString">Input</category_string>
         <level dataType="fInt">4</level>
         <level_string dataType="fString">Stream</level_string>
         <severity dataType="fInt">2</severity>
         <severity_string dataType="fString">Major</severity_string>
         <type dataType="fInt">55</type>
         <card_index dataType="fInt">3</card_index>
         <port_index dataType="fInt">0</port_index>
         <ts_index dataType="fInt">282</ts_index>
         <name dataType="fString">TS Loss</name>
         <message dataType="fString">TS Loss | Card(3) Port(1) TS(282) | TS=232.38.72.116:39005=; Source IP=0.0.0.0=; Cause=UDP Stream Loss=; </message>
         <detail dataType="fString">TS=232.38.72.116:39005=;Source IP=0.0.0.0=;Cause=UDP Stream Loss=;</detail>
      </alarm_86>
      <alarm_87 dataType="fXml" modelIndex="87">
         <category dataType="fInt">1</category>
         <category_string dataType="fString">Input</category_string>
         <level dataType="fInt">4</level>
         <level_string dataType="fString">Stream</level_string>
         <severity dataType="fInt">2</severity>
         <severity_string dataType="fString">Major</severity_string>
         <type dataType="fInt">7</type>
         <card_index dataType="fInt">4</card_index>
         <port_index dataType="fInt">2</port_index>
         <ts_index dataType="fInt">103</ts_index>
         <name dataType="fString">UDP Stream Loss</name>
         <message dataType="fString">UDP Stream Loss | Card(4) Port(3) TS(103) | TS=232.38.74.227:10000=; Source IP=96.111.79.47=; </message>
         <detail dataType="fString">TS=232.38.74.227:10000=;Source IP=96.111.79.47=;</detail>
      </alarm_87>
      <alarm_88 dataType="fXml" modelIndex="88">
         <category dataType="fInt">1</category>
         <category_string dataType="fString">Input</category_string>
         <level dataType="fInt">4</level>
         <level_string dataType="fString">Stream</level_string>
         <severity dataType="fInt">2</severity>
         <severity_string dataType="fString">Major</severity_string>
         <type dataType="fInt">7</type>
         <card_index dataType="fInt">1</card_index>
         <port_index dataType="fInt">0</port_index>
         <ts_index dataType="fInt">92</ts_index>
         <name dataType="fString">UDP Stream Loss</name>
         <message dataType="fString">UDP Stream Loss | Card(1) Port(1) TS(92) | TS=232.40.50.254:20001=; Source IP=0.0.0.0=; </message>
         <detail dataType="fString">TS=232.40.50.254:20001=;Source IP=0.0.0.0=;</detail>
      </alarm_88>
      <alarm_89 dataType="fXml" modelIndex="89">
         <category dataType="fInt">1</category>
         <category_string dataType="fString">Input</category_string>
         <level dataType="fInt">4</level>
         <level_string dataType="fString">Stream</level_string>
         <severity dataType="fInt">2</severity>
         <severity_string dataType="fString">Major</severity_string>
         <type dataType="fInt">7</type>
         <card_index dataType="fInt">1</card_index>
         <port_index dataType="fInt">0</port_index>
         <ts_index dataType="fInt">117</ts_index>
         <name dataType="fString">UDP Stream Loss</name>
         <message dataType="fString">UDP Stream Loss | Card(1) Port(1) TS(117) | TS=232.40.49.217:20002=; Source IP=0.0.0.0=; </message>
         <detail dataType="fString">TS=232.40.49.217:20002=;Source IP=0.0.0.0=;</detail>
      </alarm_89>
      <alarm_90 dataType="fXml" modelIndex="90">
         <category dataType="fInt">1</category>
         <category_string dataType="fString">Input</category_string>
         <level dataType="fInt">4</level>
         <level_string dataType="fString">Stream</level_string>
         <severity dataType="fInt">2</severity>
         <severity_string dataType="fString">Major</severity_string>
         <type dataType="fInt">55</type>
         <card_index dataType="fInt">1</card_index>
         <port_index dataType="fInt">0</port_index>
         <ts_index dataType="fInt">70</ts_index>
         <name dataType="fString">TS Loss</name>
         <message dataType="fString">TS Loss | Card(1) Port(1) TS(70) | TS=232.40.50.246:40002=; Source IP=0.0.0.0=; Cause=UDP Stream Loss=; </message>
         <detail dataType="fString">TS=232.40.50.246:40002=;Source IP=0.0.0.0=;Cause=UDP Stream Loss=;</detail>
      </alarm_90>
      <alarm_91 dataType="fXml" modelIndex="91">
         <category dataType="fInt">1</category>
         <category_string dataType="fString">Input</category_string>
         <level dataType="fInt">4</level>
         <level_string dataType="fString">Stream</level_string>
         <severity dataType="fInt">2</severity>
         <severity_string dataType="fString">Major</severity_string>
         <type dataType="fInt">55</type>
         <card_index dataType="fInt">3</card_index>
         <port_index dataType="fInt">0</port_index>
         <ts_index dataType="fInt">75</ts_index>
         <name dataType="fString">TS Loss</name>
         <message dataType="fString">TS Loss | Card(3) Port(1) TS(75) | TS=232.40.43.111:40001=; Source IP=0.0.0.0=; Cause=UDP Stream Loss=; </message>
         <detail dataType="fString">TS=232.40.43.111:40001=;Source IP=0.0.0.0=;Cause=UDP Stream Loss=;</detail>
      </alarm_91>
      <alarm_92 dataType="fXml" modelIndex="92">
         <category dataType="fInt">1</category>
         <category_string dataType="fString">Input</category_string>
         <level dataType="fInt">4</level>
         <level_string dataType="fString">Stream</level_string>
         <severity dataType="fInt">2</severity>
         <severity_string dataType="fString">Major</severity_string>
         <type dataType="fInt">55</type>
         <card_index dataType="fInt">3</card_index>
         <port_index dataType="fInt">0</port_index>
         <ts_index dataType="fInt">58</ts_index>
         <name dataType="fString">TS Loss</name>
         <message dataType="fString">TS Loss | Card(3) Port(1) TS(58) | TS=232.40.43.111:20004=; Source IP=0.0.0.0=; Cause=UDP Stream Loss=; </message>
         <detail dataType="fString">TS=232.40.43.111:20004=;Source IP=0.0.0.0=;Cause=UDP Stream Loss=;</detail>
      </alarm_92>
      <alarm_93 dataType="fXml" modelIndex="93">
         <category dataType="fInt">1</category>
         <category_string dataType="fString">Input</category_string>
         <level dataType="fInt">4</level>
         <level_string dataType="fString">Stream</level_string>
         <severity dataType="fInt">2</severity>
         <severity_string dataType="fString">Major</severity_string>
         <type dataType="fInt">7</type>
         <card_index dataType="fInt">4</card_index>
         <port_index dataType="fInt">2</port_index>
         <ts_index dataType="fInt">230</ts_index>
         <name dataType="fString">UDP Stream Loss</name>
         <message dataType="fString">UDP Stream Loss | Card(4) Port(3) TS(230) | TS=232.39.68.242:10000=; Source IP=96.111.60.149=; </message>
         <detail dataType="fString">TS=232.39.68.242:10000=;Source IP=96.111.60.149=;</detail>
      </alarm_93>
      <alarm_94 dataType="fXml" modelIndex="94">
         <category dataType="fInt">1</category>
         <category_string dataType="fString">Input</category_string>
         <level dataType="fInt">4</level>
         <level_string dataType="fString">Stream</level_string>
         <severity dataType="fInt">2</severity>
         <severity_string dataType="fString">Major</severity_string>
         <type dataType="fInt">55</type>
         <card_index dataType="fInt">4</card_index>
         <port_index dataType="fInt">2</port_index>
         <ts_index dataType="fInt">124</ts_index>
         <name dataType="fString">TS Loss</name>
         <message dataType="fString">TS Loss | Card(4) Port(3) TS(124) | TS=232.38.79.92:40000=; Source IP=96.111.65.114=; Cause=UDP Stream Loss=; </message>
         <detail dataType="fString">TS=232.38.79.92:40000=;Source IP=96.111.65.114=;Cause=UDP Stream Loss=;</detail>
      </alarm_94>
      <alarm_95 dataType="fXml" modelIndex="95">
         <category dataType="fInt">1</category>
         <category_string dataType="fString">Input</category_string>
         <level dataType="fInt">4</level>
         <level_string dataType="fString">Stream</level_string>
         <severity dataType="fInt">2</severity>
         <severity_string dataType="fString">Major</severity_string>
         <type dataType="fInt">55</type>
         <card_index dataType="fInt">3</card_index>
         <port_index dataType="fInt">0</port_index>
         <ts_index dataType="fInt">281</ts_index>
         <name dataType="fString">TS Loss</name>
         <message dataType="fString">TS Loss | Card(3) Port(1) TS(281) | TS=232.43.237.62:20005=; Source IP=0.0.0.0=; Cause=UDP Stream Loss=; </message>
         <detail dataType="fString">TS=232.43.237.62:20005=;Source IP=0.0.0.0=;Cause=UDP Stream Loss=;</detail>
      </alarm_95>
      <alarm_96 dataType="fXml" modelIndex="96">
         <category dataType="fInt">1</category>
         <category_string dataType="fString">Input</category_string>
         <level dataType="fInt">4</level>
         <level_string dataType="fString">Stream</level_string>
         <severity dataType="fInt">2</severity>
         <severity_string dataType="fString">Major</severity_string>
         <type dataType="fInt">7</type>
         <card_index dataType="fInt">1</card_index>
         <port_index dataType="fInt">0</port_index>
         <ts_index dataType="fInt">147</ts_index>
         <name dataType="fString">UDP Stream Loss</name>
         <message dataType="fString">UDP Stream Loss | Card(1) Port(1) TS(147) | TS=232.40.49.217:20001=; Source IP=0.0.0.0=; </message>
         <detail dataType="fString">TS=232.40.49.217:20001=;Source IP=0.0.0.0=;</detail>
      </alarm_96>
      <alarm_97 dataType="fXml" modelIndex="97">
         <category dataType="fInt">1</category>
         <category_string dataType="fString">Input</category_string>
         <level dataType="fInt">4</level>
         <level_string dataType="fString">Stream</level_string>
         <severity dataType="fInt">2</severity>
         <severity_string dataType="fString">Major</severity_string>
         <type dataType="fInt">7</type>
         <card_index dataType="fInt">1</card_index>
         <port_index dataType="fInt">0</port_index>
         <ts_index dataType="fInt">119</ts_index>
         <name dataType="fString">UDP Stream Loss</name>
         <message dataType="fString">UDP Stream Loss | Card(1) Port(1) TS(119) | TS=232.40.50.250:20001=; Source IP=0.0.0.0=; </message>
         <detail dataType="fString">TS=232.40.50.250:20001=;Source IP=0.0.0.0=;</detail>
      </alarm_97>
      <alarm_98 dataType="fXml" modelIndex="98">
         <category dataType="fInt">1</category>
         <category_string dataType="fString">Input</category_string>
         <level dataType="fInt">4</level>
         <level_string dataType="fString">Stream</level_string>
         <severity dataType="fInt">2</severity>
         <severity_string dataType="fString">Major</severity_string>
         <type dataType="fInt">55</type>
         <card_index dataType="fInt">1</card_index>
         <port_index dataType="fInt">0</port_index>
         <ts_index dataType="fInt">111</ts_index>
         <name dataType="fString">TS Loss</name>
         <message dataType="fString">TS Loss | Card(1) Port(1) TS(111) | TS=232.40.49.217:20000=; Source IP=0.0.0.0=; Cause=UDP Stream Loss=; </message>
         <detail dataType="fString">TS=232.40.49.217:20000=;Source IP=0.0.0.0=;Cause=UDP Stream Loss=;</detail>
      </alarm_98>
      <alarm_99 dataType="fXml" modelIndex="99">
         <category dataType="fInt">1</category>
         <category_string dataType="fString">Input</category_string>
         <level dataType="fInt">4</level>
         <level_string dataType="fString">Stream</level_string>
         <severity dataType="fInt">2</severity>
         <severity_string dataType="fString">Major</severity_string>
         <type dataType="fInt">55</type>
         <card_index dataType="fInt">3</card_index>
         <port_index dataType="fInt">0</port_index>
         <ts_index dataType="fInt">103</ts_index>
         <name dataType="fString">TS Loss</name>
         <message dataType="fString">TS Loss | Card(3) Port(1) TS(103) | TS=232.40.43.111:40000=; Source IP=0.0.0.0=; Cause=UDP Stream Loss=; </message>
         <detail dataType="fString">TS=232.40.43.111:40000=;Source IP=0.0.0.0=;Cause=UDP Stream Loss=;</detail>
      </alarm_99>
      <alarm_100 dataType="fXml" modelIndex="100">
         <category dataType="fInt">1</category>
         <category_string dataType="fString">Input</category_string>
         <level dataType="fInt">4</level>
         <level_string dataType="fString">Stream</level_string>
         <severity dataType="fInt">2</severity>
         <severity_string dataType="fString">Major</severity_string>
         <type dataType="fInt">7</type>
         <card_index dataType="fInt">3</card_index>
         <port_index dataType="fInt">0</port_index>
         <ts_index dataType="fInt">273</ts_index>
         <name dataType="fString">UDP Stream Loss</name>
         <message dataType="fString">UDP Stream Loss | Card(3) Port(1) TS(273) | TS=232.38.72.119:39005=; Source IP=0.0.0.0=; </message>
         <detail dataType="fString">TS=232.38.72.119:39005=;Source IP=0.0.0.0=;</detail>
      </alarm_100>
      <alarm_101 dataType="fXml" modelIndex="101">
         <category dataType="fInt">1</category>
         <category_string dataType="fString">Input</category_string>
         <level dataType="fInt">4</level>
         <level_string dataType="fString">Stream</level_string>
         <severity dataType="fInt">2</severity>
         <severity_string dataType="fString">Major</severity_string>
         <type dataType="fInt">55</type>
         <card_index dataType="fInt">1</card_index>
         <port_index dataType="fInt">0</port_index>
         <ts_index dataType="fInt">272</ts_index>
         <name dataType="fString">TS Loss</name>
         <message dataType="fString">TS Loss | Card(1) Port(1) TS(272) | TS=232.38.74.100:39005=; Source IP=0.0.0.0=; Cause=UDP Stream Loss=; </message>
         <detail dataType="fString">TS=232.38.74.100:39005=;Source IP=0.0.0.0=;Cause=UDP Stream Loss=;</detail>
      </alarm_101>
      <alarm_102 dataType="fXml" modelIndex="102">
         <category dataType="fInt">1</category>
         <category_string dataType="fString">Input</category_string>
         <level dataType="fInt">4</level>
         <level_string dataType="fString">Stream</level_string>
         <severity dataType="fInt">2</severity>
         <severity_string dataType="fString">Major</severity_string>
         <type dataType="fInt">55</type>
         <card_index dataType="fInt">3</card_index>
         <port_index dataType="fInt">0</port_index>
         <ts_index dataType="fInt">283</ts_index>
         <name dataType="fString">TS Loss</name>
         <message dataType="fString">TS Loss | Card(3) Port(1) TS(283) | TS=232.38.72.113:39005=; Source IP=0.0.0.0=; Cause=UDP Stream Loss=; </message>
         <detail dataType="fString">TS=232.38.72.113:39005=;Source IP=0.0.0.0=;Cause=UDP Stream Loss=;</detail>
      </alarm_102>
      <alarm_103 dataType="fXml" modelIndex="103">
         <category dataType="fInt">1</category>
         <category_string dataType="fString">Input</category_string>
         <level dataType="fInt">4</level>
         <level_string dataType="fString">Stream</level_string>
         <severity dataType="fInt">2</severity>
         <severity_string dataType="fString">Major</severity_string>
         <type dataType="fInt">55</type>
         <card_index dataType="fInt">1</card_index>
         <port_index dataType="fInt">0</port_index>
         <ts_index dataType="fInt">139</ts_index>
         <name dataType="fString">TS Loss</name>
         <message dataType="fString">TS Loss | Card(1) Port(1) TS(139) | TS=232.40.49.217:40000=; Source IP=0.0.0.0=; Cause=UDP Stream Loss=; </message>
         <detail dataType="fString">TS=232.40.49.217:40000=;Source IP=0.0.0.0=;Cause=UDP Stream Loss=;</detail>
      </alarm_103>
      <alarm_104 dataType="fXml" modelIndex="104">
         <category dataType="fInt">1</category>
         <category_string dataType="fString">Input</category_string>
         <level dataType="fInt">4</level>
         <level_string dataType="fString">Stream</level_string>
         <severity dataType="fInt">2</severity>
         <severity_string dataType="fString">Major</severity_string>
         <type dataType="fInt">7</type>
         <card_index dataType="fInt">1</card_index>
         <port_index dataType="fInt">0</port_index>
         <ts_index dataType="fInt">97</ts_index>
         <name dataType="fString">UDP Stream Loss</name>
         <message dataType="fString">UDP Stream Loss | Card(1) Port(1) TS(97) | TS=232.40.50.250:40000=; Source IP=0.0.0.0=; </message>
         <detail dataType="fString">TS=232.40.50.250:40000=;Source IP=0.0.0.0=;</detail>
      </alarm_104>
      <alarm_105 dataType="fXml" modelIndex="105">
         <category dataType="fInt">1</category>
         <category_string dataType="fString">Input</category_string>
         <level dataType="fInt">4</level>
         <level_string dataType="fString">Stream</level_string>
         <severity dataType="fInt">2</severity>
         <severity_string dataType="fString">Major</severity_string>
         <type dataType="fInt">55</type>
         <card_index dataType="fInt">4</card_index>
         <port_index dataType="fInt">2</port_index>
         <ts_index dataType="fInt">108</ts_index>
         <name dataType="fString">TS Loss</name>
         <message dataType="fString">TS Loss | Card(4) Port(3) TS(108) | TS=232.38.79.94:40000=; Source IP=96.111.65.114=; Cause=UDP Stream Loss=; </message>
         <detail dataType="fString">TS=232.38.79.94:40000=;Source IP=96.111.65.114=;Cause=UDP Stream Loss=;</detail>
      </alarm_105>
      <alarm_106 dataType="fXml" modelIndex="106">
         <category dataType="fInt">1</category>
         <category_string dataType="fString">Input</category_string>
         <level dataType="fInt">4</level>
         <level_string dataType="fString">Stream</level_string>
         <severity dataType="fInt">2</severity>
         <severity_string dataType="fString">Major</severity_string>
         <type dataType="fInt">55</type>
         <card_index dataType="fInt">3</card_index>
         <port_index dataType="fInt">0</port_index>
         <ts_index dataType="fInt">273</ts_index>
         <name dataType="fString">TS Loss</name>
         <message dataType="fString">TS Loss | Card(3) Port(1) TS(273) | TS=232.38.72.119:39005=; Source IP=0.0.0.0=; Cause=UDP Stream Loss=; </message>
         <detail dataType="fString">TS=232.38.72.119:39005=;Source IP=0.0.0.0=;Cause=UDP Stream Loss=;</detail>
      </alarm_106>
      <alarm_107 dataType="fXml" modelIndex="107">
         <category dataType="fInt">1</category>
         <category_string dataType="fString">Input</category_string>
         <level dataType="fInt">4</level>
         <level_string dataType="fString">Stream</level_string>
         <severity dataType="fInt">2</severity>
         <severity_string dataType="fString">Major</severity_string>
         <type dataType="fInt">7</type>
         <card_index dataType="fInt">1</card_index>
         <port_index dataType="fInt">0</port_index>
         <ts_index dataType="fInt">74</ts_index>
         <name dataType="fString">UDP Stream Loss</name>
         <message dataType="fString">UDP Stream Loss | Card(1) Port(1) TS(74) | TS=232.40.50.246:20001=; Source IP=0.0.0.0=; </message>
         <detail dataType="fString">TS=232.40.50.246:20001=;Source IP=0.0.0.0=;</detail>
      </alarm_107>
      <alarm_108 dataType="fXml" modelIndex="108">
         <category dataType="fInt">1</category>
         <category_string dataType="fString">Input</category_string>
         <level dataType="fInt">4</level>
         <level_string dataType="fString">Stream</level_string>
         <severity dataType="fInt">2</severity>
         <severity_string dataType="fString">Major</severity_string>
         <type dataType="fInt">55</type>
         <card_index dataType="fInt">3</card_index>
         <port_index dataType="fInt">0</port_index>
         <ts_index dataType="fInt">95</ts_index>
         <name dataType="fString">TS Loss</name>
         <message dataType="fString">TS Loss | Card(3) Port(1) TS(95) | TS=232.40.43.111:20002=; Source IP=0.0.0.0=; Cause=UDP Stream Loss=; </message>
         <detail dataType="fString">TS=232.40.43.111:20002=;Source IP=0.0.0.0=;Cause=UDP Stream Loss=;</detail>
      </alarm_108>
      <alarm_109 dataType="fXml" modelIndex="109">
         <category dataType="fInt">1</category>
         <category_string dataType="fString">Input</category_string>
         <level dataType="fInt">4</level>
         <level_string dataType="fString">Stream</level_string>
         <severity dataType="fInt">2</severity>
         <severity_string dataType="fString">Major</severity_string>
         <type dataType="fInt">55</type>
         <card_index dataType="fInt">1</card_index>
         <port_index dataType="fInt">0</port_index>
         <ts_index dataType="fInt">147</ts_index>
         <name dataType="fString">TS Loss</name>
         <message dataType="fString">TS Loss | Card(1) Port(1) TS(147) | TS=232.40.49.217:20001=; Source IP=0.0.0.0=; Cause=UDP Stream Loss=; </message>
         <detail dataType="fString">TS=232.40.49.217:20001=;Source IP=0.0.0.0=;Cause=UDP Stream Loss=;</detail>
      </alarm_109>
      <alarm_110 dataType="fXml" modelIndex="110">
         <category dataType="fInt">1</category>
         <category_string dataType="fString">Input</category_string>
         <level dataType="fInt">4</level>
         <level_string dataType="fString">Stream</level_string>
         <severity dataType="fInt">2</severity>
         <severity_string dataType="fString">Major</severity_string>
         <type dataType="fInt">7</type>
         <card_index dataType="fInt">1</card_index>
         <port_index dataType="fInt">0</port_index>
         <ts_index dataType="fInt">139</ts_index>
         <name dataType="fString">UDP Stream Loss</name>
         <message dataType="fString">UDP Stream Loss | Card(1) Port(1) TS(139) | TS=232.40.49.217:40000=; Source IP=0.0.0.0=; </message>
         <detail dataType="fString">TS=232.40.49.217:40000=;Source IP=0.0.0.0=;</detail>
      </alarm_110>
      <alarm_111 dataType="fXml" modelIndex="111">
         <category dataType="fInt">1</category>
         <category_string dataType="fString">Input</category_string>
         <level dataType="fInt">4</level>
         <level_string dataType="fString">Stream</level_string>
         <severity dataType="fInt">2</severity>
         <severity_string dataType="fString">Major</severity_string>
         <type dataType="fInt">7</type>
         <card_index dataType="fInt">3</card_index>
         <port_index dataType="fInt">0</port_index>
         <ts_index dataType="fInt">60</ts_index>
         <name dataType="fString">UDP Stream Loss</name>
         <message dataType="fString">UDP Stream Loss | Card(3) Port(1) TS(60) | TS=232.40.43.111:20003=; Source IP=0.0.0.0=; </message>
         <detail dataType="fString">TS=232.40.43.111:20003=;Source IP=0.0.0.0=;</detail>
      </alarm_111>
      <alarm_112 dataType="fXml" modelIndex="112">
         <category dataType="fInt">0</category>
         <category_string dataType="fString">Other</category_string>
         <level dataType="fInt">3</level>
         <level_string dataType="fString">Port</level_string>
         <severity dataType="fInt">2</severity>
         <severity_string dataType="fString">Major</severity_string>
         <type dataType="fInt">4</type>
         <card_index dataType="fInt">4</card_index>
         <port_index dataType="fInt">1</port_index>
         <name dataType="fString">Link Loss</name>
         <message dataType="fString">Link Loss | Card(4) Port(2)</message>
         <detail dataType="fString"/>
      </alarm_112>
      <alarm_113 dataType="fXml" modelIndex="113">
         <category dataType="fInt">1</category>
         <category_string dataType="fString">Input</category_string>
         <level dataType="fInt">4</level>
         <level_string dataType="fString">Stream</level_string>
         <severity dataType="fInt">2</severity>
         <severity_string dataType="fString">Major</severity_string>
         <type dataType="fInt">7</type>
         <card_index dataType="fInt">3</card_index>
         <port_index dataType="fInt">0</port_index>
         <ts_index dataType="fInt">274</ts_index>
         <name dataType="fString">UDP Stream Loss</name>
         <message dataType="fString">UDP Stream Loss | Card(3) Port(1) TS(274) | TS=232.38.72.122:39005=; Source IP=0.0.0.0=; </message>
         <detail dataType="fString">TS=232.38.72.122:39005=;Source IP=0.0.0.0=;</detail>
      </alarm_113>
      <alarm_114 dataType="fXml" modelIndex="114">
         <category dataType="fInt">0</category>
         <category_string dataType="fString">Other</category_string>
         <level dataType="fInt">3</level>
         <level_string dataType="fString">Port</level_string>
         <severity dataType="fInt">2</severity>
         <severity_string dataType="fString">Major</severity_string>
         <type dataType="fInt">4</type>
         <card_index dataType="fInt">2</card_index>
         <port_index dataType="fInt">3</port_index>
         <name dataType="fString">Link Loss</name>
         <message dataType="fString">Link Loss | Card(2) Port(4)</message>
         <detail dataType="fString"/>
      </alarm_114>
      <alarm_115 dataType="fXml" modelIndex="115">
         <category dataType="fInt">1</category>
         <category_string dataType="fString">Input</category_string>
         <level dataType="fInt">4</level>
         <level_string dataType="fString">Stream</level_string>
         <severity dataType="fInt">2</severity>
         <severity_string dataType="fString">Major</severity_string>
         <type dataType="fInt">7</type>
         <card_index dataType="fInt">3</card_index>
         <port_index dataType="fInt">0</port_index>
         <ts_index dataType="fInt">53</ts_index>
         <name dataType="fString">UDP Stream Loss</name>
         <message dataType="fString">UDP Stream Loss | Card(3) Port(1) TS(53) | TS=232.40.43.111:20000=; Source IP=0.0.0.0=; </message>
         <detail dataType="fString">TS=232.40.43.111:20000=;Source IP=0.0.0.0=;</detail>
      </alarm_115>
   </alarms>
	</ElementModel>